  0.01 bw
  0.01 by
  0.01 cr
  0.01 gt
  0.01 om
  0.02 int
  0.02 jo
  0.02 lv
  0.03 mil
  0.03 tv
  0.03 ua
  0.03 zm
  0.04 br
  0.04 ph
  0.04 qa
  0.06 at
  0.06 be
  0.06 bt
  0.06 gh
  0.06 org
  0.07 cn
  0.07 is
  0.07 lu
  0.08 lt
  0.09 sy
  0.10 ee
  0.10 np
  0.10 sk
  0.11 ch
  0.11 yu
  0.12 co
  0.14 pk
  0.17 kz
  0.19 ro
  0.19 th
  0.20 za
  0.24 es
  0.24 ie
  0.24 ru
  0.25 in
  0.28 fr
  0.43 it
  0.44 my
  0.51 dk
  0.54 bg
  0.56 ae
  0.57 ca
  0.59 mu
  0.61 hk
  0.63 gr
  0.66 sg
  0.67 hr
  0.71 tw
  0.95 nl
  0.95 nz
  1.03 fi
  1.07 se
  1.14 il
  1.18 hu
  1.45 id
  1.58 pl
  1.68 cz
  1.76 de
  1.88 au
  3.96 net
  4.08 edu
  5.77 jp
  6.79 uk
 54.01 com
