files/abknl/hfs/fsppb/gxex.c
files/abknl/hfs/fsppb/pudoxlhc.c
files/abknl/hfs/fsppb/qdcjwscq.c
files/abknl/hfs/fsppb/rxvn.c
files/abknl/hfs/fsppb/teeqj.c
files/abknl/vbo/cc.c
files/abknl/vbo/hlhsyymobl.c
files/abknl/vbo/lbnhwtaei.c
files/abknl/vbo/p.c
files/abknl/vbo/rymhxxkbx.c
files/abknl/wnjkfktuwm/datrpxqc.c
files/abknl/wnjkfktuwm/griqub.c
files/abknl/wnjkfktuwm/jhuhgyx.c
files/abknl/wnjkfktuwm/nigogfljx.c
files/abknl/wnjkfktuwm/rm.c
files/wrlb/wlrb.c
files/xoklpenyj/asc/glgy.c
files/xoklpenyj/asc/rfj.c
files/xoklpenyj/asc/tbohon.c
files/xoklpenyj/asc/xlajv.c
files/xoklpenyj/asc/y.c
files/xoklpenyj/awg/gkwfxmf.c
files/xoklpenyj/awg/i.c
files/xoklpenyj/awg/mgxtnnx.c
files/xoklpenyj/awg/nnapfbxfqi.c
files/xoklpenyj/awg/po.c
files/xoklpenyj/ik/bqbo/bsytdm.c
files/xoklpenyj/ik/bqbo/fesqyinl.c
files/xoklpenyj/ik/bqbo/ijpakgv.c
files/xoklpenyj/ik/bqbo/ploys.c
files/xoklpenyj/ik/bqbo/qj.c
files/xoklpenyj/ik/cdlfpv.c
files/xoklpenyj/ik/dcvwdxahn.c
files/xoklpenyj/ik/fgua.c
files/xoklpenyj/ik/frmnhnjukg.c
files/xoklpenyj/ik/hiuvbokh.c
files/xoklpenyj/ik/hxkqyjk.c
files/xoklpenyj/ik/navobppojp.c
files/xoklpenyj/ik/nuiix.c
files/xoklpenyj/ik/nvw.c
files/xoklpenyj/ik/o.c
files/xoklpenyj/ik/oom.c
files/xoklpenyj/ik/osldhq.c
files/xoklpenyj/ik/qinq.c
files/xoklpenyj/ik/rhmh.c
files/xoklpenyj/ik/ueabxj/baqukpog.c
files/xoklpenyj/ik/ueabxj/cqkuei.c
files/xoklpenyj/ik/ueabxj/elbhlxxujd.c
files/xoklpenyj/ik/ueabxj/knuqs.c
files/xoklpenyj/ik/ueabxj/yyg.c
files/xoklpenyj/ik/ytdtu.c
files/xoklpenyj/jgcjqphpg/.c
files/xoklpenyj/jgcjqphpg/aauuqwm.c
files/xoklpenyj/jgcjqphpg/fyejyd.c
files/xoklpenyj/jgcjqphpg/gdnbsec.c
files/xoklpenyj/jgcjqphpg/hnxnsjbmf.c
files/xoklpenyj/jgcjqphpg/icfviqp.c
files/xoklpenyj/jgcjqphpg/iwtu.c
files/xoklpenyj/jgcjqphpg/lhnuvf.c
files/xoklpenyj/jgcjqphpg/lso.c
files/xoklpenyj/jgcjqphpg/p.c
files/xoklpenyj/jgcjqphpg/rkflkgyul.c
files/xoklpenyj/jgcjqphpg/uih.c
files/xoklpenyj/jgcjqphpg/xpluxot.c
files/xoklpenyj/jgcjqphpg/xtngajjpl.c
files/xoklpenyj/lfqapjh/d.c
files/xoklpenyj/lfqapjh/dgjietv.c
files/xoklpenyj/lfqapjh/dj.c
files/xoklpenyj/lfqapjh/emigob.c
files/xoklpenyj/lfqapjh/fmdedi.c
files/xoklpenyj/lfqapjh/fuxmvdv.c
files/xoklpenyj/lfqapjh/i.c
files/xoklpenyj/lfqapjh/ijglcjjidn.c
files/xoklpenyj/lfqapjh/ivc.c
files/xoklpenyj/lfqapjh/kylxewhyj.c
files/xoklpenyj/lfqapjh/na.c
files/xoklpenyj/lfqapjh/qkidrjn.c
files/xoklpenyj/lfqapjh/trbaoyggb.c
files/xoklpenyj/lfqapjh/uhjcexk.c
files/xoklpenyj/lfqapjh/v.c
files/xoklpenyj/oqtt/c/ashxuag.c
files/xoklpenyj/oqtt/c/bqoh.c
files/xoklpenyj/oqtt/c/gbdqgp.c
files/xoklpenyj/oqtt/c/gc.c
files/xoklpenyj/oqtt/c/gfbu.c
files/xoklpenyj/oqtt/c/glcuuhy.c
files/xoklpenyj/oqtt/c/goraartdjp.c
files/xoklpenyj/oqtt/c/hhtkcgeirh.c
files/xoklpenyj/oqtt/c/ho.c
files/xoklpenyj/oqtt/c/ijwoyp.c
files/xoklpenyj/oqtt/c/jalxqhmdmy.c
files/xoklpenyj/oqtt/c/jijyyr.c
files/xoklpenyj/oqtt/c/liwkjge.c
files/xoklpenyj/oqtt/c/nvm.c
files/xoklpenyj/oqtt/c/ofnoad.c
files/xoklpenyj/oqtt/c/ofqmc.c
files/xoklpenyj/oqtt/c/sdvh.c
files/xoklpenyj/oqtt/c/sinlmvth.c
files/xoklpenyj/oqtt/c/tbjn.c
files/xoklpenyj/oqtt/c/usss.c
files/xoklpenyj/oqtt/c/wvpy.c
files/xoklpenyj/oqtt/c/xbitne.c
files/xoklpenyj/oqtt/c/xrh.c
files/xoklpenyj/oqtt/c/xsgcylrh.c
files/xoklpenyj/oqtt/c/yprcs.c
files/xoklpenyj/oqtt/cfc.c
files/xoklpenyj/oqtt/eixiqf.c
files/xoklpenyj/oqtt/gmghj.c
files/xoklpenyj/oqtt/h.c
files/xoklpenyj/oqtt/hlhsd.c
files/xoklpenyj/oqtt/j.c
files/xoklpenyj/oqtt/jrq.c
files/xoklpenyj/oqtt/n.c
files/xoklpenyj/oqtt/pry.c
files/xoklpenyj/oqtt/uq/f.c
files/xoklpenyj/oqtt/uq/olxlxtj.c
files/xoklpenyj/oqtt/uq/ox.c
files/xoklpenyj/oqtt/uq/sxv.c
files/xoklpenyj/oqtt/uq/xm.c
files/xoklpenyj/oqtt/wf.c
files/xoklpenyj/rlunxlirgq/bc.c
files/xoklpenyj/rlunxlirgq/dsxy.c
files/xoklpenyj/rlunxlirgq/oejs.c
files/xoklpenyj/rlunxlirgq/vpslxf.c
files/xoklpenyj/rlunxlirgq/xu.c
files/xoklpenyj/vwhmbhiyn/ct.c
files/xoklpenyj/vwhmbhiyn/qodnttdt.c
files/xoklpenyj/vwhmbhiyn/sqpkvan.c
files/xoklpenyj/vwhmbhiyn/xrohgb.c
files/xoklpenyj/vwhmbhiyn/xs.c
files/xoklpenyj/xvrr/b/.c
files/xoklpenyj/xvrr/b/blspmjp.c
files/xoklpenyj/xvrr/b/cryqy.c
files/xoklpenyj/xvrr/b/dcnrhkl.c
files/xoklpenyj/xvrr/b/dpwh.c
files/xoklpenyj/xvrr/b/ei.c
files/xoklpenyj/xvrr/b/f.c
files/xoklpenyj/xvrr/b/hk.c
files/xoklpenyj/xvrr/b/hkr.c
files/xoklpenyj/xvrr/b/hn.c
files/xoklpenyj/xvrr/b/ifttaxw.c
files/xoklpenyj/xvrr/b/knsdtmde.c
files/xoklpenyj/xvrr/b/mijxoixlc.c
files/xoklpenyj/xvrr/b/n.c
files/xoklpenyj/xvrr/b/odymgjdxp.c
files/xoklpenyj/xvrr/b/plg.c
files/xoklpenyj/xvrr/b/rk.c
files/xoklpenyj/xvrr/b/scorgcxgc.c
files/xoklpenyj/xvrr/b/scyxjwolrw.c
files/xoklpenyj/xvrr/b/senegdo.c
files/xoklpenyj/xvrr/b/uaakxfxsa.c
files/xoklpenyj/xvrr/b/ujvkbs.c
files/xoklpenyj/xvrr/b/ulktfgvobu.c
files/xoklpenyj/xvrr/b/v.c
files/xoklpenyj/xvrr/b/yhutq.c
files/xoklpenyj/xvrr/cctbevisd/awloq.c
files/xoklpenyj/xvrr/cctbevisd/axuhwlxla.c
files/xoklpenyj/xvrr/cctbevisd/bsfi.c
files/xoklpenyj/xvrr/cctbevisd/cjrbrjpxhd.c
files/xoklpenyj/xvrr/cctbevisd/cpxkaxp.c
files/xoklpenyj/xvrr/cctbevisd/frpigcspey.c
files/xoklpenyj/xvrr/cctbevisd/gfhnglxhf.c
files/xoklpenyj/xvrr/cctbevisd/gtmo.c
files/xoklpenyj/xvrr/cctbevisd/idgvtcnwu.c
files/xoklpenyj/xvrr/cctbevisd/kujmymtr.c
files/xoklpenyj/xvrr/cctbevisd/kvoiq.c
files/xoklpenyj/xvrr/cctbevisd/lbegfbqa.c
files/xoklpenyj/xvrr/cctbevisd/lfr.c
files/xoklpenyj/xvrr/cctbevisd/lpnid.c
files/xoklpenyj/xvrr/cctbevisd/lt.c
files/xoklpenyj/xvrr/cctbevisd/ltdjwofcs.c
files/xoklpenyj/xvrr/cctbevisd/lxt.c
files/xoklpenyj/xvrr/cctbevisd/mgs.c
files/xoklpenyj/xvrr/cctbevisd/ncrgvct.c
files/xoklpenyj/xvrr/cctbevisd/nekfrp.c
files/xoklpenyj/xvrr/cctbevisd/nyiy.c
files/xoklpenyj/xvrr/cctbevisd/pgsy.c
files/xoklpenyj/xvrr/cctbevisd/pyxrfwjwe.c
files/xoklpenyj/xvrr/cctbevisd/rbsekck.c
files/xoklpenyj/xvrr/cctbevisd/rgbap.c
files/xoklpenyj/xvrr/cctbevisd/sp.c
files/xoklpenyj/xvrr/cctbevisd/tdm.c
files/xoklpenyj/xvrr/cctbevisd/tgnsw.c
files/xoklpenyj/xvrr/cctbevisd/tnvvhh.c
files/xoklpenyj/xvrr/cctbevisd/tsxfehiba.c
files/xoklpenyj/xvrr/cctbevisd/umafmt.c
files/xoklpenyj/xvrr/cctbevisd/uqhylvhw.c
files/xoklpenyj/xvrr/cctbevisd/vie.c
files/xoklpenyj/xvrr/cctbevisd/vivhx.c
files/xoklpenyj/xvrr/cctbevisd/w.c
files/xoklpenyj/xvrr/cctbevisd/wnwx.c
files/xoklpenyj/xvrr/cctbevisd/xbinppbx.c
files/xoklpenyj/xvrr/cctbevisd/xfpyqwr.c
files/xoklpenyj/xvrr/cctbevisd/xjxjs.c
files/xoklpenyj/xvrr/cctbevisd/yqcbwhbm.c
files/xoklpenyj/xvrr/fks/a.c
files/xoklpenyj/xvrr/fks/dqdmalmdd.c
files/xoklpenyj/xvrr/fks/ds.c
files/xoklpenyj/xvrr/fks/fxgo.c
files/xoklpenyj/xvrr/fks/gmtsfi.c
files/xoklpenyj/xvrr/fks/imyn.c
files/xoklpenyj/xvrr/fks/krfnuuwxlu.c
files/xoklpenyj/xvrr/fks/luebllwnba.c
files/xoklpenyj/xvrr/fks/mdjykxxa.c
files/xoklpenyj/xvrr/fks/mflfnybp.c
files/xoklpenyj/xvrr/fks/p.c
files/xoklpenyj/xvrr/fks/puchygyjc.c
files/xoklpenyj/xvrr/fks/rbwdndmk.c
files/xoklpenyj/xvrr/fks/rdh.c
files/xoklpenyj/xvrr/fks/rirxd.c
files/xoklpenyj/xvrr/fks/rjrybguno.c
files/xoklpenyj/xvrr/fks/rukxik.c
files/xoklpenyj/xvrr/fks/u.c
files/xoklpenyj/xvrr/fks/vs.c
files/xoklpenyj/xvrr/fks/wfi.c
files/xoklpenyj/xvrr/fks/wquygg.c
files/xoklpenyj/xvrr/fks/wrbmnp.c
files/xoklpenyj/xvrr/fks/xefmj.c
files/xoklpenyj/xvrr/fks/yaguvgduf.c
files/xoklpenyj/xvrr/ruhfvwhh/.c
files/xoklpenyj/xvrr/ruhfvwhh/aqhqnncux.c
files/xoklpenyj/xvrr/ruhfvwhh/aqujijt.c
files/xoklpenyj/xvrr/ruhfvwhh/arjmkjyrqw.c
files/xoklpenyj/xvrr/ruhfvwhh/axdow.c
files/xoklpenyj/xvrr/ruhfvwhh/cbeiuyjv.c
files/xoklpenyj/xvrr/ruhfvwhh/difhyak.c
files/xoklpenyj/xvrr/ruhfvwhh/dqthiglpc.c
files/xoklpenyj/xvrr/ruhfvwhh/eocolksnaq.c
files/xoklpenyj/xvrr/ruhfvwhh/hbfw.c
files/xoklpenyj/xvrr/ruhfvwhh/hhflcut.c
files/xoklpenyj/xvrr/ruhfvwhh/hhyiwuwnl.c
files/xoklpenyj/xvrr/ruhfvwhh/ihf.c
files/xoklpenyj/xvrr/ruhfvwhh/ippmasiu.c
files/xoklpenyj/xvrr/ruhfvwhh/jatludqlon.c
files/xoklpenyj/xvrr/ruhfvwhh/jxldqgmp.c
files/xoklpenyj/xvrr/ruhfvwhh/khmhgi.c
files/xoklpenyj/xvrr/ruhfvwhh/kkpjkxn.c
files/xoklpenyj/xvrr/ruhfvwhh/ngl.c
files/xoklpenyj/xvrr/ruhfvwhh/npgmrh.c
files/xoklpenyj/xvrr/ruhfvwhh/nt.c
files/xoklpenyj/xvrr/ruhfvwhh/o.c
files/xoklpenyj/xvrr/ruhfvwhh/qhhvaaq.c
files/xoklpenyj/xvrr/ruhfvwhh/qkh.c
files/xoklpenyj/xvrr/ruhfvwhh/rl.c
files/xoklpenyj/xvrr/ruhfvwhh/rsou.c
files/xoklpenyj/xvrr/ruhfvwhh/sqjpmngj.c
files/xoklpenyj/xvrr/ruhfvwhh/tai.c
files/xoklpenyj/xvrr/ruhfvwhh/tof.c
files/xoklpenyj/xvrr/ruhfvwhh/u.c
files/xoklpenyj/xvrr/ruhfvwhh/vondshfptt.c
files/xoklpenyj/xvrr/ruhfvwhh/w.c
files/xoklpenyj/xvrr/ruhfvwhh/wbh.c
files/xoklpenyj/xvrr/ruhfvwhh/xg.c
files/xoklpenyj/xvrr/ruhfvwhh/y.c
files/xoklpenyj/xvrr/rvwsvlucju/amtany.c
files/xoklpenyj/xvrr/rvwsvlucju/bpqmwsgr.c
files/xoklpenyj/xvrr/rvwsvlucju/bsvf.c
files/xoklpenyj/xvrr/rvwsvlucju/cfwwddxck.c
files/xoklpenyj/xvrr/rvwsvlucju/dujhmghum.c
files/xoklpenyj/xvrr/rvwsvlucju/euaovp.c
files/xoklpenyj/xvrr/rvwsvlucju/flnpifilkj.c
files/xoklpenyj/xvrr/rvwsvlucju/g.c
files/xoklpenyj/xvrr/rvwsvlucju/gefspphs.c
files/xoklpenyj/xvrr/rvwsvlucju/gq.c
files/xoklpenyj/xvrr/rvwsvlucju/h.c
files/xoklpenyj/xvrr/rvwsvlucju/hpsglfq.c
files/xoklpenyj/xvrr/rvwsvlucju/huakch.c
files/xoklpenyj/xvrr/rvwsvlucju/i.c
files/xoklpenyj/xvrr/rvwsvlucju/imeuqhhoge.c
files/xoklpenyj/xvrr/rvwsvlucju/iyndlfgb.c
files/xoklpenyj/xvrr/rvwsvlucju/jlehuomsc.c
files/xoklpenyj/xvrr/rvwsvlucju/k.c
files/xoklpenyj/xvrr/rvwsvlucju/kgqssmv.c
files/xoklpenyj/xvrr/rvwsvlucju/lbvfua.c
files/xoklpenyj/xvrr/rvwsvlucju/lcwpe.c
files/xoklpenyj/xvrr/rvwsvlucju/me.c
files/xoklpenyj/xvrr/rvwsvlucju/neuvjv.c
files/xoklpenyj/xvrr/rvwsvlucju/nfsogv.c
files/xoklpenyj/xvrr/rvwsvlucju/nmuqex.c
files/xoklpenyj/xvrr/rvwsvlucju/nqpaaopwb.c
files/xoklpenyj/xvrr/rvwsvlucju/ntglpx.c
files/xoklpenyj/xvrr/rvwsvlucju/nuyaietqb.c
files/xoklpenyj/xvrr/rvwsvlucju/nwfvj.c
files/xoklpenyj/xvrr/rvwsvlucju/plwwm.c
files/xoklpenyj/xvrr/rvwsvlucju/pv.c
files/xoklpenyj/xvrr/rvwsvlucju/pxpqdogaa.c
files/xoklpenyj/xvrr/rvwsvlucju/qiljhlvvq.c
files/xoklpenyj/xvrr/rvwsvlucju/qpg.c
files/xoklpenyj/xvrr/rvwsvlucju/rd.c
files/xoklpenyj/xvrr/rvwsvlucju/rmt.c
files/xoklpenyj/xvrr/rvwsvlucju/rqcxvp.c
files/xoklpenyj/xvrr/rvwsvlucju/rsslyv.c
files/xoklpenyj/xvrr/rvwsvlucju/rwdmtuym.c
files/xoklpenyj/xvrr/rvwsvlucju/svnvwygy.c
files/xoklpenyj/xvrr/rvwsvlucju/t.c
files/xoklpenyj/xvrr/rvwsvlucju/uglms.c
files/xoklpenyj/xvrr/rvwsvlucju/urmikjqog.c
files/xoklpenyj/xvrr/rvwsvlucju/vkvsesur.c
files/xoklpenyj/xvrr/rvwsvlucju/vlyur.c
files/xoklpenyj/xvrr/rvwsvlucju/w.c
files/xoklpenyj/xvrr/rvwsvlucju/wpq.c
files/xoklpenyj/xvrr/rvwsvlucju/xhws.c
files/xoklpenyj/xvrr/rvwsvlucju/yym.c
files/xoklpenyj/xvrr/tfcic/akolhpam.c
files/xoklpenyj/xvrr/tfcic/at.c
files/xoklpenyj/xvrr/tfcic/bnhufhf.c
files/xoklpenyj/xvrr/tfcic/bqowwcpjmf.c
files/xoklpenyj/xvrr/tfcic/bupnl.c
files/xoklpenyj/xvrr/tfcic/cgsbgv.c
files/xoklpenyj/xvrr/tfcic/cl.c
files/xoklpenyj/xvrr/tfcic/cnm.c
files/xoklpenyj/xvrr/tfcic/cssi.c
files/xoklpenyj/xvrr/tfcic/d.c
files/xoklpenyj/xvrr/tfcic/dtrkrqbe.c
files/xoklpenyj/xvrr/tfcic/eceovavjcw.c
files/xoklpenyj/xvrr/tfcic/ellgbi.c
files/xoklpenyj/xvrr/tfcic/erro.c
files/xoklpenyj/xvrr/tfcic/fabgw.c
files/xoklpenyj/xvrr/tfcic/favychou.c
files/xoklpenyj/xvrr/tfcic/fsud.c
files/xoklpenyj/xvrr/tfcic/h.c
files/xoklpenyj/xvrr/tfcic/hjrmvk.c
files/xoklpenyj/xvrr/tfcic/hovhr.c
files/xoklpenyj/xvrr/tfcic/hq.c
files/xoklpenyj/xvrr/tfcic/iovshrpx.c
files/xoklpenyj/xvrr/tfcic/is.c
files/xoklpenyj/xvrr/tfcic/ismixhu.c
files/xoklpenyj/xvrr/tfcic/jrhal.c
files/xoklpenyj/xvrr/tfcic/jvx.c
files/xoklpenyj/xvrr/tfcic/kgefu.c
files/xoklpenyj/xvrr/tfcic/kkppvswwac.c
files/xoklpenyj/xvrr/tfcic/lnmes.c
files/xoklpenyj/xvrr/tfcic/lyoorwesxn.c
files/xoklpenyj/xvrr/tfcic/mbf.c
files/xoklpenyj/xvrr/tfcic/nao.c
files/xoklpenyj/xvrr/tfcic/ohss.c
files/xoklpenyj/xvrr/tfcic/pdwjveybik.c
files/xoklpenyj/xvrr/tfcic/q.c
files/xoklpenyj/xvrr/tfcic/qn.c
files/xoklpenyj/xvrr/tfcic/ridkwhbvve.c
files/xoklpenyj/xvrr/tfcic/urfiuakdod.c
files/xoklpenyj/xvrr/tfcic/uxl.c
files/xoklpenyj/xvrr/tfcic/v.c
files/xoklpenyj/xvrr/tfcic/vktgepdw.c
files/xoklpenyj/xvrr/tfcic/vuvctb.c
files/xoklpenyj/xvrr/tfcic/wajdvctqo.c
files/xoklpenyj/xvrr/tfcic/wwt.c
files/xoklpenyj/xvrr/tfcic/x.c
files/xoklpenyj/xvrr/tfcic/xaqaoeax.c
files/xoklpenyj/xvrr/tfcic/xfjmjvisff.c
files/xoklpenyj/xvrr/tfcic/xqebjytcgw.c
files/xoklpenyj/xvrr/tfcic/yjuhgja.c
files/xoklpenyj/xvrr/tfcic/ykt.c
files/xoklpenyj/xvrr/xmnyjnm/alun.c
files/xoklpenyj/xvrr/xmnyjnm/ayebjbrnj.c
files/xoklpenyj/xvrr/xmnyjnm/cedb.c
files/xoklpenyj/xvrr/xmnyjnm/eefkif.c
files/xoklpenyj/xvrr/xmnyjnm/fgimgl.c
files/xoklpenyj/xvrr/xmnyjnm/fitxwddtc.c
files/xoklpenyj/xvrr/xmnyjnm/fpjqupqun.c
files/xoklpenyj/xvrr/xmnyjnm/fub.c
files/xoklpenyj/xvrr/xmnyjnm/fvfvqdx.c
files/xoklpenyj/xvrr/xmnyjnm/j.c
files/xoklpenyj/xvrr/xmnyjnm/jijtngvggy.c
files/xoklpenyj/xvrr/xmnyjnm/jnc.c
files/xoklpenyj/xvrr/xmnyjnm/k.c
files/xoklpenyj/xvrr/xmnyjnm/kav.c
files/xoklpenyj/xvrr/xmnyjnm/kcsxfw.c
files/xoklpenyj/xvrr/xmnyjnm/ktn.c
files/xoklpenyj/xvrr/xmnyjnm/laimhcl.c
files/xoklpenyj/xvrr/xmnyjnm/mesoj.c
files/xoklpenyj/xvrr/xmnyjnm/mgqxa.c
files/xoklpenyj/xvrr/xmnyjnm/mk.c
files/xoklpenyj/xvrr/xmnyjnm/mnbpvymb.c
files/xoklpenyj/xvrr/xmnyjnm/mwblrh.c
files/xoklpenyj/xvrr/xmnyjnm/mxjvba.c
files/xoklpenyj/xvrr/xmnyjnm/mybjcotu.c
files/xoklpenyj/xvrr/xmnyjnm/o.c
files/xoklpenyj/xvrr/xmnyjnm/ooyid.c
files/xoklpenyj/xvrr/xmnyjnm/or.c
files/xoklpenyj/xvrr/xmnyjnm/oyerljx.c
files/xoklpenyj/xvrr/xmnyjnm/pldb.c
files/xoklpenyj/xvrr/xmnyjnm/qcx.c
files/xoklpenyj/xvrr/xmnyjnm/qgfnopj.c
files/xoklpenyj/xvrr/xmnyjnm/qklhhysyah.c
files/xoklpenyj/xvrr/xmnyjnm/qnuhlynsu.c
files/xoklpenyj/xvrr/xmnyjnm/raf.c
files/xoklpenyj/xvrr/xmnyjnm/sl.c
files/xoklpenyj/xvrr/xmnyjnm/sqvaaqpx.c
files/xoklpenyj/xvrr/xmnyjnm/t.c
files/xoklpenyj/xvrr/xmnyjnm/tbuiylmhm.c
files/xoklpenyj/xvrr/xmnyjnm/thg.c
files/xoklpenyj/xvrr/xmnyjnm/tnxdovnws.c
files/xoklpenyj/xvrr/xmnyjnm/txxbgdoa.c
files/xoklpenyj/xvrr/xmnyjnm/u.c
files/xoklpenyj/xvrr/xmnyjnm/ucod.c
files/xoklpenyj/xvrr/xmnyjnm/ufrblwurs.c
files/xoklpenyj/xvrr/xmnyjnm/uiniyhly.c
files/xoklpenyj/xvrr/xmnyjnm/v.c
files/xoklpenyj/xvrr/xmnyjnm/vhrbro.c
files/xoklpenyj/xvrr/xmnyjnm/vvfpm.c
files/xoklpenyj/xvrr/xmnyjnm/wiq.c
files/xoklpenyj/xvrr/xmnyjnm/xhqyi.c
files/xoklpenyj/xvrr/xn/bkjkglqc.c
files/xoklpenyj/xvrr/xn/btanhqx.c
files/xoklpenyj/xvrr/xn/bu.c
files/xoklpenyj/xvrr/xn/dcwhu.c
files/xoklpenyj/xvrr/xn/djniycy.c
files/xoklpenyj/xvrr/xn/dmqcv.c
files/xoklpenyj/xvrr/xn/dpbseenq.c
files/xoklpenyj/xvrr/xn/eeya.c
files/xoklpenyj/xvrr/xn/elufsgvvp.c
files/xoklpenyj/xvrr/xn/epuv.c
files/xoklpenyj/xvrr/xn/fckcyvca.c
files/xoklpenyj/xvrr/xn/gpx.c
files/xoklpenyj/xvrr/xn/hcdrtrs.c
files/xoklpenyj/xvrr/xn/hphc.c
files/xoklpenyj/xvrr/xn/hrkwf.c
files/xoklpenyj/xvrr/xn/isolg.c
files/xoklpenyj/xvrr/xn/itsvl.c
files/xoklpenyj/xvrr/xn/iwchq.c
files/xoklpenyj/xvrr/xn/j.c
files/xoklpenyj/xvrr/xn/jlrjkksgq.c
files/xoklpenyj/xvrr/xn/jsupbc.c
files/xoklpenyj/xvrr/xn/kh.c
files/xoklpenyj/xvrr/xn/ki.c
files/xoklpenyj/xvrr/xn/lb.c
files/xoklpenyj/xvrr/xn/lpthvm.c
files/xoklpenyj/xvrr/xn/lqp.c
files/xoklpenyj/xvrr/xn/lr.c
files/xoklpenyj/xvrr/xn/lvscajha.c
files/xoklpenyj/xvrr/xn/lyy.c
files/xoklpenyj/xvrr/xn/mxjgdbpy.c
files/xoklpenyj/xvrr/xn/n.c
files/xoklpenyj/xvrr/xn/nd.c
files/xoklpenyj/xvrr/xn/oqeob.c
files/xoklpenyj/xvrr/xn/pcnk.c
files/xoklpenyj/xvrr/xn/qrd.c
files/xoklpenyj/xvrr/xn/rtcmgjswk.c
files/xoklpenyj/xvrr/xn/spi.c
files/xoklpenyj/xvrr/xn/uyhdgucugi.c
files/xoklpenyj/xvrr/xn/vgcxvnt.c
files/xoklpenyj/xvrr/xn/vithoydjdc.c
files/xoklpenyj/xvrr/xn/vmxwxnwkuq.c
files/xoklpenyj/xvrr/xn/vqvtheya.c
files/xoklpenyj/xvrr/xn/wontewa.c
files/xoklpenyj/xvrr/xn/wshphidwf.c
files/xoklpenyj/xvrr/xn/x.c
files/xoklpenyj/xvrr/xn/xdrrsyvfg.c
files/xoklpenyj/xvrr/xn/xwbw.c
files/xoklpenyj/xvrr/xn/yeyb.c
files/xoklpenyj/xvrr/xn/yvmdcs.c
files/xoklpenyj/xvrr/xn/ywpxfpk.c
files/xoklpenyj/yhaqcnrmh/cdeb.c
files/xoklpenyj/yhaqcnrmh/gmokddbdr.c
files/xoklpenyj/yhaqcnrmh/mtvkbxepvm.c
files/xoklpenyj/yhaqcnrmh/qfha.c
files/xoklpenyj/yhaqcnrmh/qhw.c
files/xoklpenyj/yhaqcnrmh/qig.c
files/xoklpenyj/yhaqcnrmh/rnfnxvwkj.c
files/xoklpenyj/yhaqcnrmh/sbfu.c
files/xoklpenyj/yhaqcnrmh/wa.c
files/xoklpenyj/yhaqcnrmh/wk.c
files/xoklpenyj/yj/acivfg.c
files/xoklpenyj/yj/dmrelx.c
files/xoklpenyj/yj/flphma.c
files/xoklpenyj/yj/gfmcj.c
files/xoklpenyj/yj/hmfwtgrnc.c
files/xoklpenyj/yj/hmxreuw.c
files/xoklpenyj/yj/jltucvwag.c
files/xoklpenyj/yj/nggygn.c
files/xoklpenyj/yj/pax.c
files/xoklpenyj/yj/witop.c
files/xqftrpq/cru/b.c
files/xqftrpq/cru/dn.c
files/xqftrpq/cru/exuw.c
files/xqftrpq/cru/hgqorplcu.c
files/xqftrpq/cru/hkpcslqetj.c
files/xqftrpq/cru/k.c
files/xqftrpq/cru/ljxav.c
files/xqftrpq/cru/ourakeuv.c
files/xqftrpq/cru/pfmgoyxv.c
files/xqftrpq/cru/pmoleqbdcx.c
files/xqftrpq/cru/rklnx.c
files/xqftrpq/cru/sfcblmf.c
files/xqftrpq/cru/vrjfffmrv.c
files/xqftrpq/cru/wtmyn.c
files/xqftrpq/cru/xbcblt.c
files/xqftrpq/vs/hv.c
files/xqftrpq/vs/olt.c
files/xqftrpq/vs/qywyn.c
files/xqftrpq/vs/ra.c
files/xqftrpq/vs/rxtr.c
files/xqftrpq/xl/clwjpqqnj.c
files/xqftrpq/xl/h.c
files/xqftrpq/xl/ijhsgwuw.c
files/xqftrpq/xl/ikmoxi.c
files/xqftrpq/xl/kgfvf.c
files/xqftrpq/xl/mxdautxuk.c
files/xqftrpq/xl/pjy.c
files/xqftrpq/xl/qjuwlqf.c
files/xqftrpq/xl/uxgwrmpyrl.c
files/xqftrpq/xl/x.c
files/xqftrpq/yob/dxll.c
files/xqftrpq/yob/e.c
files/xqftrpq/yob/fgsmaxvf.c
files/xqftrpq/yob/hdbpfm.c
files/xqftrpq/yob/jmtiicnawx.c
files/xqftrpq/yob/ml.c
files/xqftrpq/yob/ntte.c
files/xqftrpq/yob/oa.c
files/xqftrpq/yob/vicdrrdei.c
files/xqftrpq/yob/vnjddnyewn.c
files/xqftrpq/yplkyfeqd/a.c
files/xqftrpq/yplkyfeqd/bn.c
files/xqftrpq/yplkyfeqd/d.c
files/xqftrpq/yplkyfeqd/ermfdgyvy.c
files/xqftrpq/yplkyfeqd/icolmadgly.c
files/xqftrpq/yplkyfeqd/iwarj.c
files/xqftrpq/yplkyfeqd/k.c
files/xqftrpq/yplkyfeqd/o.c
files/xqftrpq/yplkyfeqd/ohtgmf.c
files/xqftrpq/yplkyfeqd/pboajvb.c
