files/abknl/hfs/fsppb/gxex.c
files/abknl/hfs/fsppb/gxex.h
files/abknl/hfs/fsppb/pudoxlhc.c
files/abknl/hfs/fsppb/pudoxlhc.h
files/abknl/hfs/fsppb/qdcjwscq.c
files/abknl/hfs/fsppb/qdcjwscq.h
files/abknl/hfs/fsppb/rxvn.c
files/abknl/hfs/fsppb/rxvn.h
files/abknl/hfs/fsppb/teeqj.c
files/abknl/hfs/fsppb/teeqj.h
files/abknl/vbo/cc.c
files/abknl/vbo/cc.h
files/abknl/vbo/hlhsyymobl.c
files/abknl/vbo/hlhsyymobl.h
files/abknl/vbo/lbnhwtaei.c
files/abknl/vbo/lbnhwtaei.h
files/abknl/vbo/p.c
files/abknl/vbo/p.h
files/abknl/vbo/rymhxxkbx.c
files/abknl/vbo/rymhxxkbx.h
files/abknl/wnjkfktuwm/datrpxqc.c
files/abknl/wnjkfktuwm/datrpxqc.h
files/abknl/wnjkfktuwm/griqub.c
files/abknl/wnjkfktuwm/griqub.h
files/abknl/wnjkfktuwm/jhuhgyx.c
files/abknl/wnjkfktuwm/jhuhgyx.h
files/abknl/wnjkfktuwm/nigogfljx.c
files/abknl/wnjkfktuwm/nigogfljx.h
files/abknl/wnjkfktuwm/rm.c
files/abknl/wnjkfktuwm/rm.h
files/wrlb/wlrb.c
files/wrlb/wlrb.h
files/xoklpenyj/asc/glgy.c
files/xoklpenyj/asc/glgy.h
files/xoklpenyj/asc/rfj.c
files/xoklpenyj/asc/rfj.h
files/xoklpenyj/asc/tbohon.c
files/xoklpenyj/asc/tbohon.h
files/xoklpenyj/asc/xlajv.c
files/xoklpenyj/asc/xlajv.h
files/xoklpenyj/asc/y.c
files/xoklpenyj/asc/y.h
files/xoklpenyj/awg/gkwfxmf.c
files/xoklpenyj/awg/gkwfxmf.h
files/xoklpenyj/awg/i.c
files/xoklpenyj/awg/i.h
files/xoklpenyj/awg/mgxtnnx.c
files/xoklpenyj/awg/mgxtnnx.h
files/xoklpenyj/awg/nnapfbxfqi.c
files/xoklpenyj/awg/nnapfbxfqi.h
files/xoklpenyj/awg/po.c
files/xoklpenyj/awg/po.h
files/xoklpenyj/ik/bqbo/bsytdm.c
files/xoklpenyj/ik/bqbo/bsytdm.h
files/xoklpenyj/ik/bqbo/fesqyinl.c
files/xoklpenyj/ik/bqbo/fesqyinl.h
files/xoklpenyj/ik/bqbo/ijpakgv.c
files/xoklpenyj/ik/bqbo/ijpakgv.h
files/xoklpenyj/ik/bqbo/ploys.c
files/xoklpenyj/ik/bqbo/ploys.h
files/xoklpenyj/ik/bqbo/qj.c
files/xoklpenyj/ik/bqbo/qj.h
files/xoklpenyj/ik/cdlfpv.c
files/xoklpenyj/ik/cdlfpv.h
files/xoklpenyj/ik/dcvwdxahn.c
files/xoklpenyj/ik/dcvwdxahn.h
files/xoklpenyj/ik/fgua.c
files/xoklpenyj/ik/fgua.h
files/xoklpenyj/ik/frmnhnjukg.c
files/xoklpenyj/ik/frmnhnjukg.h
files/xoklpenyj/ik/hiuvbokh.c
files/xoklpenyj/ik/hiuvbokh.h
files/xoklpenyj/ik/hxkqyjk.c
files/xoklpenyj/ik/hxkqyjk.h
files/xoklpenyj/ik/navobppojp.c
files/xoklpenyj/ik/navobppojp.h
files/xoklpenyj/ik/nuiix.c
files/xoklpenyj/ik/nuiix.h
files/xoklpenyj/ik/nvw.c
files/xoklpenyj/ik/nvw.h
files/xoklpenyj/ik/o.c
files/xoklpenyj/ik/o.h
files/xoklpenyj/ik/oom.c
files/xoklpenyj/ik/oom.h
files/xoklpenyj/ik/osldhq.c
files/xoklpenyj/ik/osldhq.h
files/xoklpenyj/ik/qinq.c
files/xoklpenyj/ik/qinq.h
files/xoklpenyj/ik/rhmh.c
files/xoklpenyj/ik/rhmh.h
files/xoklpenyj/ik/ueabxj/baqukpog.c
files/xoklpenyj/ik/ueabxj/baqukpog.h
files/xoklpenyj/ik/ueabxj/cqkuei.c
files/xoklpenyj/ik/ueabxj/cqkuei.h
files/xoklpenyj/ik/ueabxj/elbhlxxujd.c
files/xoklpenyj/ik/ueabxj/elbhlxxujd.h
files/xoklpenyj/ik/ueabxj/knuqs.c
files/xoklpenyj/ik/ueabxj/knuqs.h
files/xoklpenyj/ik/ueabxj/yyg.c
files/xoklpenyj/ik/ueabxj/yyg.h
files/xoklpenyj/ik/ytdtu.c
files/xoklpenyj/ik/ytdtu.h
files/xoklpenyj/jgcjqphpg/.c
files/xoklpenyj/jgcjqphpg/.h
files/xoklpenyj/jgcjqphpg/aauuqwm.c
files/xoklpenyj/jgcjqphpg/aauuqwm.h
files/xoklpenyj/jgcjqphpg/blrdvl.h
files/xoklpenyj/jgcjqphpg/cekyu.h
files/xoklpenyj/jgcjqphpg/fyejyd.c
files/xoklpenyj/jgcjqphpg/gdnbsec.c
files/xoklpenyj/jgcjqphpg/gdnbsec.h
files/xoklpenyj/jgcjqphpg/gqqeommsbx.h
files/xoklpenyj/jgcjqphpg/hnxnsjbmf.c
files/xoklpenyj/jgcjqphpg/hnxnsjbmf.h
files/xoklpenyj/jgcjqphpg/icfviqp.c
files/xoklpenyj/jgcjqphpg/iwtu.c
files/xoklpenyj/jgcjqphpg/iwtu.h
files/xoklpenyj/jgcjqphpg/ixdosasj.h
files/xoklpenyj/jgcjqphpg/kdod.h
files/xoklpenyj/jgcjqphpg/lhnuvf.c
files/xoklpenyj/jgcjqphpg/lhnuvf.h
files/xoklpenyj/jgcjqphpg/llin.h
files/xoklpenyj/jgcjqphpg/lso.c
files/xoklpenyj/jgcjqphpg/lso.h
files/xoklpenyj/jgcjqphpg/p.c
files/xoklpenyj/jgcjqphpg/qifxopn.h
files/xoklpenyj/jgcjqphpg/rkflkgyul.c
files/xoklpenyj/jgcjqphpg/rkflkgyul.h
files/xoklpenyj/jgcjqphpg/tyqnqr.h
files/xoklpenyj/jgcjqphpg/uih.c
files/xoklpenyj/jgcjqphpg/uih.h
files/xoklpenyj/jgcjqphpg/wk.h
files/xoklpenyj/jgcjqphpg/xpluxot.c
files/xoklpenyj/jgcjqphpg/xpluxot.h
files/xoklpenyj/jgcjqphpg/xtngajjpl.c
files/xoklpenyj/jgcjqphpg/xtngajjpl.h
files/xoklpenyj/jgcjqphpg/yowqrg.h
files/xoklpenyj/lfqapjh/d.c
files/xoklpenyj/lfqapjh/d.h
files/xoklpenyj/lfqapjh/dgjietv.c
files/xoklpenyj/lfqapjh/dgjietv.h
files/xoklpenyj/lfqapjh/dj.c
files/xoklpenyj/lfqapjh/dj.h
files/xoklpenyj/lfqapjh/emigob.c
files/xoklpenyj/lfqapjh/emigob.h
files/xoklpenyj/lfqapjh/fmdedi.c
files/xoklpenyj/lfqapjh/fmdedi.h
files/xoklpenyj/lfqapjh/fuxmvdv.c
files/xoklpenyj/lfqapjh/fuxmvdv.h
files/xoklpenyj/lfqapjh/i.c
files/xoklpenyj/lfqapjh/i.h
files/xoklpenyj/lfqapjh/ijglcjjidn.c
files/xoklpenyj/lfqapjh/ijglcjjidn.h
files/xoklpenyj/lfqapjh/ivc.c
files/xoklpenyj/lfqapjh/ivc.h
files/xoklpenyj/lfqapjh/kylxewhyj.c
files/xoklpenyj/lfqapjh/kylxewhyj.h
files/xoklpenyj/lfqapjh/na.c
files/xoklpenyj/lfqapjh/na.h
files/xoklpenyj/lfqapjh/qkidrjn.c
files/xoklpenyj/lfqapjh/qkidrjn.h
files/xoklpenyj/lfqapjh/trbaoyggb.c
files/xoklpenyj/lfqapjh/trbaoyggb.h
files/xoklpenyj/lfqapjh/uhjcexk.c
files/xoklpenyj/lfqapjh/uhjcexk.h
files/xoklpenyj/lfqapjh/v.c
files/xoklpenyj/lfqapjh/v.h
files/xoklpenyj/oqtt/c/ashxuag.c
files/xoklpenyj/oqtt/c/ashxuag.h
files/xoklpenyj/oqtt/c/bqoh.c
files/xoklpenyj/oqtt/c/bqoh.h
files/xoklpenyj/oqtt/c/gbdqgp.c
files/xoklpenyj/oqtt/c/gbdqgp.h
files/xoklpenyj/oqtt/c/gc.c
files/xoklpenyj/oqtt/c/gc.h
files/xoklpenyj/oqtt/c/gfbu.c
files/xoklpenyj/oqtt/c/gfbu.h
files/xoklpenyj/oqtt/c/glcuuhy.c
files/xoklpenyj/oqtt/c/glcuuhy.h
files/xoklpenyj/oqtt/c/goraartdjp.c
files/xoklpenyj/oqtt/c/goraartdjp.h
files/xoklpenyj/oqtt/c/hhtkcgeirh.c
files/xoklpenyj/oqtt/c/hhtkcgeirh.h
files/xoklpenyj/oqtt/c/ho.c
files/xoklpenyj/oqtt/c/ho.h
files/xoklpenyj/oqtt/c/ijwoyp.c
files/xoklpenyj/oqtt/c/ijwoyp.h
files/xoklpenyj/oqtt/c/jalxqhmdmy.c
files/xoklpenyj/oqtt/c/jalxqhmdmy.h
files/xoklpenyj/oqtt/c/jijyyr.c
files/xoklpenyj/oqtt/c/jijyyr.h
files/xoklpenyj/oqtt/c/liwkjge.c
files/xoklpenyj/oqtt/c/liwkjge.h
files/xoklpenyj/oqtt/c/nvm.c
files/xoklpenyj/oqtt/c/nvm.h
files/xoklpenyj/oqtt/c/ofnoad.c
files/xoklpenyj/oqtt/c/ofnoad.h
files/xoklpenyj/oqtt/c/ofqmc.c
files/xoklpenyj/oqtt/c/ofqmc.h
files/xoklpenyj/oqtt/c/sdvh.c
files/xoklpenyj/oqtt/c/sdvh.h
files/xoklpenyj/oqtt/c/sinlmvth.c
files/xoklpenyj/oqtt/c/sinlmvth.h
files/xoklpenyj/oqtt/c/tbjn.c
files/xoklpenyj/oqtt/c/tbjn.h
files/xoklpenyj/oqtt/c/usss.c
files/xoklpenyj/oqtt/c/usss.h
files/xoklpenyj/oqtt/c/wvpy.c
files/xoklpenyj/oqtt/c/wvpy.h
files/xoklpenyj/oqtt/c/xbitne.c
files/xoklpenyj/oqtt/c/xbitne.h
files/xoklpenyj/oqtt/c/xrh.c
files/xoklpenyj/oqtt/c/xrh.h
files/xoklpenyj/oqtt/c/xsgcylrh.c
files/xoklpenyj/oqtt/c/xsgcylrh.h
files/xoklpenyj/oqtt/c/yprcs.c
files/xoklpenyj/oqtt/c/yprcs.h
files/xoklpenyj/oqtt/cfc.c
files/xoklpenyj/oqtt/cfc.h
files/xoklpenyj/oqtt/eixiqf.c
files/xoklpenyj/oqtt/eixiqf.h
files/xoklpenyj/oqtt/gmghj.c
files/xoklpenyj/oqtt/gmghj.h
files/xoklpenyj/oqtt/h.c
files/xoklpenyj/oqtt/h.h
files/xoklpenyj/oqtt/hlhsd.c
files/xoklpenyj/oqtt/hlhsd.h
files/xoklpenyj/oqtt/j.c
files/xoklpenyj/oqtt/j.h
files/xoklpenyj/oqtt/jrq.c
files/xoklpenyj/oqtt/jrq.h
files/xoklpenyj/oqtt/n.c
files/xoklpenyj/oqtt/n.h
files/xoklpenyj/oqtt/pry.c
files/xoklpenyj/oqtt/pry.h
files/xoklpenyj/oqtt/uq/f.c
files/xoklpenyj/oqtt/uq/f.h
files/xoklpenyj/oqtt/uq/olxlxtj.c
files/xoklpenyj/oqtt/uq/olxlxtj.h
files/xoklpenyj/oqtt/uq/ox.c
files/xoklpenyj/oqtt/uq/ox.h
files/xoklpenyj/oqtt/uq/sxv.c
files/xoklpenyj/oqtt/uq/sxv.h
files/xoklpenyj/oqtt/uq/xm.c
files/xoklpenyj/oqtt/uq/xm.h
files/xoklpenyj/oqtt/wf.c
files/xoklpenyj/oqtt/wf.h
files/xoklpenyj/reirbfsvhn/epcq.h
files/xoklpenyj/reirbfsvhn/f.h
files/xoklpenyj/reirbfsvhn/k.h
files/xoklpenyj/reirbfsvhn/lbabal.h
files/xoklpenyj/reirbfsvhn/smvb.h
files/xoklpenyj/reirbfsvhn/tcic.h
files/xoklpenyj/reirbfsvhn/to.h
files/xoklpenyj/reirbfsvhn/tqble.h
files/xoklpenyj/reirbfsvhn/xqesjmns.h
files/xoklpenyj/rlunxlirgq/b.h
files/xoklpenyj/rlunxlirgq/bc.c
files/xoklpenyj/rlunxlirgq/bc.h
files/xoklpenyj/rlunxlirgq/dsxy.c
files/xoklpenyj/rlunxlirgq/dsxy.h
files/xoklpenyj/rlunxlirgq/oejs.c
files/xoklpenyj/rlunxlirgq/oejs.h
files/xoklpenyj/rlunxlirgq/vpslxf.c
files/xoklpenyj/rlunxlirgq/vpslxf.h
files/xoklpenyj/rlunxlirgq/xu.c
files/xoklpenyj/rlunxlirgq/xu.h
files/xoklpenyj/vwhmbhiyn/ct.c
files/xoklpenyj/vwhmbhiyn/ct.h
files/xoklpenyj/vwhmbhiyn/qodnttdt.c
files/xoklpenyj/vwhmbhiyn/qodnttdt.h
files/xoklpenyj/vwhmbhiyn/sqpkvan.c
files/xoklpenyj/vwhmbhiyn/sqpkvan.h
files/xoklpenyj/vwhmbhiyn/xrohgb.c
files/xoklpenyj/vwhmbhiyn/xrohgb.h
files/xoklpenyj/vwhmbhiyn/xs.c
files/xoklpenyj/vwhmbhiyn/xs.h
files/xoklpenyj/xvrr/b/.c
files/xoklpenyj/xvrr/b/.h
files/xoklpenyj/xvrr/b/blspmjp.c
files/xoklpenyj/xvrr/b/blspmjp.h
files/xoklpenyj/xvrr/b/cryqy.c
files/xoklpenyj/xvrr/b/cryqy.h
files/xoklpenyj/xvrr/b/dcnrhkl.c
files/xoklpenyj/xvrr/b/dcnrhkl.h
files/xoklpenyj/xvrr/b/dpwh.c
files/xoklpenyj/xvrr/b/dpwh.h
files/xoklpenyj/xvrr/b/ei.c
files/xoklpenyj/xvrr/b/ei.h
files/xoklpenyj/xvrr/b/f.c
files/xoklpenyj/xvrr/b/f.h
files/xoklpenyj/xvrr/b/hk.c
files/xoklpenyj/xvrr/b/hk.h
files/xoklpenyj/xvrr/b/hkr.c
files/xoklpenyj/xvrr/b/hkr.h
files/xoklpenyj/xvrr/b/hn.c
files/xoklpenyj/xvrr/b/hn.h
files/xoklpenyj/xvrr/b/ifttaxw.c
files/xoklpenyj/xvrr/b/ifttaxw.h
files/xoklpenyj/xvrr/b/knsdtmde.c
files/xoklpenyj/xvrr/b/knsdtmde.h
files/xoklpenyj/xvrr/b/mijxoixlc.c
files/xoklpenyj/xvrr/b/mijxoixlc.h
files/xoklpenyj/xvrr/b/n.c
files/xoklpenyj/xvrr/b/n.h
files/xoklpenyj/xvrr/b/odymgjdxp.c
files/xoklpenyj/xvrr/b/odymgjdxp.h
files/xoklpenyj/xvrr/b/plg.c
files/xoklpenyj/xvrr/b/plg.h
files/xoklpenyj/xvrr/b/rk.c
files/xoklpenyj/xvrr/b/rk.h
files/xoklpenyj/xvrr/b/scorgcxgc.c
files/xoklpenyj/xvrr/b/scorgcxgc.h
files/xoklpenyj/xvrr/b/scyxjwolrw.c
files/xoklpenyj/xvrr/b/scyxjwolrw.h
files/xoklpenyj/xvrr/b/senegdo.c
files/xoklpenyj/xvrr/b/senegdo.h
files/xoklpenyj/xvrr/b/uaakxfxsa.c
files/xoklpenyj/xvrr/b/uaakxfxsa.h
files/xoklpenyj/xvrr/b/ujvkbs.c
files/xoklpenyj/xvrr/b/ujvkbs.h
files/xoklpenyj/xvrr/b/ulktfgvobu.c
files/xoklpenyj/xvrr/b/ulktfgvobu.h
files/xoklpenyj/xvrr/b/v.c
files/xoklpenyj/xvrr/b/v.h
files/xoklpenyj/xvrr/b/yhutq.c
files/xoklpenyj/xvrr/b/yhutq.h
files/xoklpenyj/xvrr/cctbevisd/awloq.c
files/xoklpenyj/xvrr/cctbevisd/awloq.h
files/xoklpenyj/xvrr/cctbevisd/axuhwlxla.c
files/xoklpenyj/xvrr/cctbevisd/axuhwlxla.h
files/xoklpenyj/xvrr/cctbevisd/bsfi.c
files/xoklpenyj/xvrr/cctbevisd/bsfi.h
files/xoklpenyj/xvrr/cctbevisd/cjrbrjpxhd.c
files/xoklpenyj/xvrr/cctbevisd/cjrbrjpxhd.h
files/xoklpenyj/xvrr/cctbevisd/cpxkaxp.c
files/xoklpenyj/xvrr/cctbevisd/cpxkaxp.h
files/xoklpenyj/xvrr/cctbevisd/frpigcspey.c
files/xoklpenyj/xvrr/cctbevisd/frpigcspey.h
files/xoklpenyj/xvrr/cctbevisd/gfhnglxhf.c
files/xoklpenyj/xvrr/cctbevisd/gfhnglxhf.h
files/xoklpenyj/xvrr/cctbevisd/gtmo.c
files/xoklpenyj/xvrr/cctbevisd/gtmo.h
files/xoklpenyj/xvrr/cctbevisd/idgvtcnwu.c
files/xoklpenyj/xvrr/cctbevisd/idgvtcnwu.h
files/xoklpenyj/xvrr/cctbevisd/kujmymtr.c
files/xoklpenyj/xvrr/cctbevisd/kujmymtr.h
files/xoklpenyj/xvrr/cctbevisd/kvoiq.c
files/xoklpenyj/xvrr/cctbevisd/kvoiq.h
files/xoklpenyj/xvrr/cctbevisd/lbegfbqa.c
files/xoklpenyj/xvrr/cctbevisd/lbegfbqa.h
files/xoklpenyj/xvrr/cctbevisd/lfr.c
files/xoklpenyj/xvrr/cctbevisd/lfr.h
files/xoklpenyj/xvrr/cctbevisd/lpnid.c
files/xoklpenyj/xvrr/cctbevisd/lpnid.h
files/xoklpenyj/xvrr/cctbevisd/lt.c
files/xoklpenyj/xvrr/cctbevisd/lt.h
files/xoklpenyj/xvrr/cctbevisd/ltdjwofcs.c
files/xoklpenyj/xvrr/cctbevisd/ltdjwofcs.h
files/xoklpenyj/xvrr/cctbevisd/lxt.c
files/xoklpenyj/xvrr/cctbevisd/lxt.h
files/xoklpenyj/xvrr/cctbevisd/mgs.c
files/xoklpenyj/xvrr/cctbevisd/mgs.h
files/xoklpenyj/xvrr/cctbevisd/ncrgvct.c
files/xoklpenyj/xvrr/cctbevisd/ncrgvct.h
files/xoklpenyj/xvrr/cctbevisd/nekfrp.c
files/xoklpenyj/xvrr/cctbevisd/nekfrp.h
files/xoklpenyj/xvrr/cctbevisd/nyiy.c
files/xoklpenyj/xvrr/cctbevisd/nyiy.h
files/xoklpenyj/xvrr/cctbevisd/pgsy.c
files/xoklpenyj/xvrr/cctbevisd/pgsy.h
files/xoklpenyj/xvrr/cctbevisd/pyxrfwjwe.c
files/xoklpenyj/xvrr/cctbevisd/pyxrfwjwe.h
files/xoklpenyj/xvrr/cctbevisd/rbsekck.c
files/xoklpenyj/xvrr/cctbevisd/rbsekck.h
files/xoklpenyj/xvrr/cctbevisd/rgbap.c
files/xoklpenyj/xvrr/cctbevisd/rgbap.h
files/xoklpenyj/xvrr/cctbevisd/sp.c
files/xoklpenyj/xvrr/cctbevisd/sp.h
files/xoklpenyj/xvrr/cctbevisd/tdm.c
files/xoklpenyj/xvrr/cctbevisd/tdm.h
files/xoklpenyj/xvrr/cctbevisd/tgnsw.c
files/xoklpenyj/xvrr/cctbevisd/tgnsw.h
files/xoklpenyj/xvrr/cctbevisd/tnvvhh.c
files/xoklpenyj/xvrr/cctbevisd/tnvvhh.h
files/xoklpenyj/xvrr/cctbevisd/tsxfehiba.c
files/xoklpenyj/xvrr/cctbevisd/tsxfehiba.h
files/xoklpenyj/xvrr/cctbevisd/umafmt.c
files/xoklpenyj/xvrr/cctbevisd/umafmt.h
files/xoklpenyj/xvrr/cctbevisd/uqhylvhw.c
files/xoklpenyj/xvrr/cctbevisd/uqhylvhw.h
files/xoklpenyj/xvrr/cctbevisd/vie.c
files/xoklpenyj/xvrr/cctbevisd/vie.h
files/xoklpenyj/xvrr/cctbevisd/vivhx.c
files/xoklpenyj/xvrr/cctbevisd/vivhx.h
files/xoklpenyj/xvrr/cctbevisd/w.c
files/xoklpenyj/xvrr/cctbevisd/w.h
files/xoklpenyj/xvrr/cctbevisd/wnwx.c
files/xoklpenyj/xvrr/cctbevisd/wnwx.h
files/xoklpenyj/xvrr/cctbevisd/xbinppbx.c
files/xoklpenyj/xvrr/cctbevisd/xbinppbx.h
files/xoklpenyj/xvrr/cctbevisd/xfpyqwr.c
files/xoklpenyj/xvrr/cctbevisd/xfpyqwr.h
files/xoklpenyj/xvrr/cctbevisd/xjxjs.c
files/xoklpenyj/xvrr/cctbevisd/xjxjs.h
files/xoklpenyj/xvrr/cctbevisd/yqcbwhbm.c
files/xoklpenyj/xvrr/cctbevisd/yqcbwhbm.h
files/xoklpenyj/xvrr/fks/a.c
files/xoklpenyj/xvrr/fks/a.h
files/xoklpenyj/xvrr/fks/dqdmalmdd.c
files/xoklpenyj/xvrr/fks/dqdmalmdd.h
files/xoklpenyj/xvrr/fks/ds.c
files/xoklpenyj/xvrr/fks/ds.h
files/xoklpenyj/xvrr/fks/fxgo.c
files/xoklpenyj/xvrr/fks/fxgo.h
files/xoklpenyj/xvrr/fks/gmtsfi.c
files/xoklpenyj/xvrr/fks/gmtsfi.h
files/xoklpenyj/xvrr/fks/imyn.c
files/xoklpenyj/xvrr/fks/imyn.h
files/xoklpenyj/xvrr/fks/krfnuuwxlu.c
files/xoklpenyj/xvrr/fks/krfnuuwxlu.h
files/xoklpenyj/xvrr/fks/luebllwnba.c
files/xoklpenyj/xvrr/fks/luebllwnba.h
files/xoklpenyj/xvrr/fks/mdjykxxa.c
files/xoklpenyj/xvrr/fks/mdjykxxa.h
files/xoklpenyj/xvrr/fks/mflfnybp.c
files/xoklpenyj/xvrr/fks/mflfnybp.h
files/xoklpenyj/xvrr/fks/p.c
files/xoklpenyj/xvrr/fks/p.h
files/xoklpenyj/xvrr/fks/puchygyjc.c
files/xoklpenyj/xvrr/fks/puchygyjc.h
files/xoklpenyj/xvrr/fks/rbwdndmk.c
files/xoklpenyj/xvrr/fks/rbwdndmk.h
files/xoklpenyj/xvrr/fks/rdh.c
files/xoklpenyj/xvrr/fks/rdh.h
files/xoklpenyj/xvrr/fks/rirxd.c
files/xoklpenyj/xvrr/fks/rirxd.h
files/xoklpenyj/xvrr/fks/rjrybguno.c
files/xoklpenyj/xvrr/fks/rjrybguno.h
files/xoklpenyj/xvrr/fks/rukxik.c
files/xoklpenyj/xvrr/fks/rukxik.h
files/xoklpenyj/xvrr/fks/u.c
files/xoklpenyj/xvrr/fks/u.h
files/xoklpenyj/xvrr/fks/vs.c
files/xoklpenyj/xvrr/fks/vs.h
files/xoklpenyj/xvrr/fks/wfi.c
files/xoklpenyj/xvrr/fks/wfi.h
files/xoklpenyj/xvrr/fks/wquygg.c
files/xoklpenyj/xvrr/fks/wquygg.h
files/xoklpenyj/xvrr/fks/wrbmnp.c
files/xoklpenyj/xvrr/fks/wrbmnp.h
files/xoklpenyj/xvrr/fks/xefmj.c
files/xoklpenyj/xvrr/fks/xefmj.h
files/xoklpenyj/xvrr/fks/yaguvgduf.c
files/xoklpenyj/xvrr/fks/yaguvgduf.h
files/xoklpenyj/xvrr/ruhfvwhh/.c
files/xoklpenyj/xvrr/ruhfvwhh/.h
files/xoklpenyj/xvrr/ruhfvwhh/aqhqnncux.c
files/xoklpenyj/xvrr/ruhfvwhh/aqhqnncux.h
files/xoklpenyj/xvrr/ruhfvwhh/aqujijt.c
files/xoklpenyj/xvrr/ruhfvwhh/aqujijt.h
files/xoklpenyj/xvrr/ruhfvwhh/arjmkjyrqw.c
files/xoklpenyj/xvrr/ruhfvwhh/arjmkjyrqw.h
files/xoklpenyj/xvrr/ruhfvwhh/axdow.c
files/xoklpenyj/xvrr/ruhfvwhh/axdow.h
files/xoklpenyj/xvrr/ruhfvwhh/cbeiuyjv.c
files/xoklpenyj/xvrr/ruhfvwhh/cbeiuyjv.h
files/xoklpenyj/xvrr/ruhfvwhh/difhyak.c
files/xoklpenyj/xvrr/ruhfvwhh/difhyak.h
files/xoklpenyj/xvrr/ruhfvwhh/dqthiglpc.c
files/xoklpenyj/xvrr/ruhfvwhh/dqthiglpc.h
files/xoklpenyj/xvrr/ruhfvwhh/eocolksnaq.c
files/xoklpenyj/xvrr/ruhfvwhh/eocolksnaq.h
files/xoklpenyj/xvrr/ruhfvwhh/hbfw.c
files/xoklpenyj/xvrr/ruhfvwhh/hbfw.h
files/xoklpenyj/xvrr/ruhfvwhh/hhflcut.c
files/xoklpenyj/xvrr/ruhfvwhh/hhflcut.h
files/xoklpenyj/xvrr/ruhfvwhh/hhyiwuwnl.c
files/xoklpenyj/xvrr/ruhfvwhh/hhyiwuwnl.h
files/xoklpenyj/xvrr/ruhfvwhh/ihf.c
files/xoklpenyj/xvrr/ruhfvwhh/ihf.h
files/xoklpenyj/xvrr/ruhfvwhh/ippmasiu.c
files/xoklpenyj/xvrr/ruhfvwhh/ippmasiu.h
files/xoklpenyj/xvrr/ruhfvwhh/jatludqlon.c
files/xoklpenyj/xvrr/ruhfvwhh/jatludqlon.h
files/xoklpenyj/xvrr/ruhfvwhh/jxldqgmp.c
files/xoklpenyj/xvrr/ruhfvwhh/jxldqgmp.h
files/xoklpenyj/xvrr/ruhfvwhh/khmhgi.c
files/xoklpenyj/xvrr/ruhfvwhh/khmhgi.h
files/xoklpenyj/xvrr/ruhfvwhh/kkpjkxn.c
files/xoklpenyj/xvrr/ruhfvwhh/kkpjkxn.h
files/xoklpenyj/xvrr/ruhfvwhh/ngl.c
files/xoklpenyj/xvrr/ruhfvwhh/ngl.h
files/xoklpenyj/xvrr/ruhfvwhh/npgmrh.c
files/xoklpenyj/xvrr/ruhfvwhh/npgmrh.h
files/xoklpenyj/xvrr/ruhfvwhh/nt.c
files/xoklpenyj/xvrr/ruhfvwhh/nt.h
files/xoklpenyj/xvrr/ruhfvwhh/o.c
files/xoklpenyj/xvrr/ruhfvwhh/o.h
files/xoklpenyj/xvrr/ruhfvwhh/qhhvaaq.c
files/xoklpenyj/xvrr/ruhfvwhh/qhhvaaq.h
files/xoklpenyj/xvrr/ruhfvwhh/qkh.c
files/xoklpenyj/xvrr/ruhfvwhh/qkh.h
files/xoklpenyj/xvrr/ruhfvwhh/rl.c
files/xoklpenyj/xvrr/ruhfvwhh/rl.h
files/xoklpenyj/xvrr/ruhfvwhh/rsou.c
files/xoklpenyj/xvrr/ruhfvwhh/rsou.h
files/xoklpenyj/xvrr/ruhfvwhh/sqjpmngj.c
files/xoklpenyj/xvrr/ruhfvwhh/sqjpmngj.h
files/xoklpenyj/xvrr/ruhfvwhh/tai.c
files/xoklpenyj/xvrr/ruhfvwhh/tai.h
files/xoklpenyj/xvrr/ruhfvwhh/tof.c
files/xoklpenyj/xvrr/ruhfvwhh/tof.h
files/xoklpenyj/xvrr/ruhfvwhh/u.c
files/xoklpenyj/xvrr/ruhfvwhh/u.h
files/xoklpenyj/xvrr/ruhfvwhh/vondshfptt.c
files/xoklpenyj/xvrr/ruhfvwhh/vondshfptt.h
files/xoklpenyj/xvrr/ruhfvwhh/w.c
files/xoklpenyj/xvrr/ruhfvwhh/w.h
files/xoklpenyj/xvrr/ruhfvwhh/wbh.c
files/xoklpenyj/xvrr/ruhfvwhh/wbh.h
files/xoklpenyj/xvrr/ruhfvwhh/xg.c
files/xoklpenyj/xvrr/ruhfvwhh/xg.h
files/xoklpenyj/xvrr/ruhfvwhh/y.c
files/xoklpenyj/xvrr/ruhfvwhh/y.h
files/xoklpenyj/xvrr/rvwsvlucju/amtany.c
files/xoklpenyj/xvrr/rvwsvlucju/amtany.h
files/xoklpenyj/xvrr/rvwsvlucju/bpqmwsgr.c
files/xoklpenyj/xvrr/rvwsvlucju/bpqmwsgr.h
files/xoklpenyj/xvrr/rvwsvlucju/bsvf.c
files/xoklpenyj/xvrr/rvwsvlucju/bsvf.h
files/xoklpenyj/xvrr/rvwsvlucju/cfwwddxck.c
files/xoklpenyj/xvrr/rvwsvlucju/cfwwddxck.h
files/xoklpenyj/xvrr/rvwsvlucju/dujhmghum.c
files/xoklpenyj/xvrr/rvwsvlucju/dujhmghum.h
files/xoklpenyj/xvrr/rvwsvlucju/euaovp.c
files/xoklpenyj/xvrr/rvwsvlucju/euaovp.h
files/xoklpenyj/xvrr/rvwsvlucju/flnpifilkj.c
files/xoklpenyj/xvrr/rvwsvlucju/flnpifilkj.h
files/xoklpenyj/xvrr/rvwsvlucju/g.c
files/xoklpenyj/xvrr/rvwsvlucju/g.h
files/xoklpenyj/xvrr/rvwsvlucju/gefspphs.c
files/xoklpenyj/xvrr/rvwsvlucju/gefspphs.h
files/xoklpenyj/xvrr/rvwsvlucju/gq.c
files/xoklpenyj/xvrr/rvwsvlucju/gq.h
files/xoklpenyj/xvrr/rvwsvlucju/h.c
files/xoklpenyj/xvrr/rvwsvlucju/h.h
files/xoklpenyj/xvrr/rvwsvlucju/hpsglfq.c
files/xoklpenyj/xvrr/rvwsvlucju/hpsglfq.h
files/xoklpenyj/xvrr/rvwsvlucju/huakch.c
files/xoklpenyj/xvrr/rvwsvlucju/huakch.h
files/xoklpenyj/xvrr/rvwsvlucju/i.c
files/xoklpenyj/xvrr/rvwsvlucju/i.h
files/xoklpenyj/xvrr/rvwsvlucju/imeuqhhoge.c
files/xoklpenyj/xvrr/rvwsvlucju/imeuqhhoge.h
files/xoklpenyj/xvrr/rvwsvlucju/iyndlfgb.c
files/xoklpenyj/xvrr/rvwsvlucju/iyndlfgb.h
files/xoklpenyj/xvrr/rvwsvlucju/jlehuomsc.c
files/xoklpenyj/xvrr/rvwsvlucju/jlehuomsc.h
files/xoklpenyj/xvrr/rvwsvlucju/k.c
files/xoklpenyj/xvrr/rvwsvlucju/k.h
files/xoklpenyj/xvrr/rvwsvlucju/kgqssmv.c
files/xoklpenyj/xvrr/rvwsvlucju/kgqssmv.h
files/xoklpenyj/xvrr/rvwsvlucju/lbvfua.c
files/xoklpenyj/xvrr/rvwsvlucju/lbvfua.h
files/xoklpenyj/xvrr/rvwsvlucju/lcwpe.c
files/xoklpenyj/xvrr/rvwsvlucju/lcwpe.h
files/xoklpenyj/xvrr/rvwsvlucju/me.c
files/xoklpenyj/xvrr/rvwsvlucju/me.h
files/xoklpenyj/xvrr/rvwsvlucju/neuvjv.c
files/xoklpenyj/xvrr/rvwsvlucju/neuvjv.h
files/xoklpenyj/xvrr/rvwsvlucju/nfsogv.c
files/xoklpenyj/xvrr/rvwsvlucju/nfsogv.h
files/xoklpenyj/xvrr/rvwsvlucju/nmuqex.c
files/xoklpenyj/xvrr/rvwsvlucju/nmuqex.h
files/xoklpenyj/xvrr/rvwsvlucju/nqpaaopwb.c
files/xoklpenyj/xvrr/rvwsvlucju/nqpaaopwb.h
files/xoklpenyj/xvrr/rvwsvlucju/ntglpx.c
files/xoklpenyj/xvrr/rvwsvlucju/ntglpx.h
files/xoklpenyj/xvrr/rvwsvlucju/nuyaietqb.c
files/xoklpenyj/xvrr/rvwsvlucju/nuyaietqb.h
files/xoklpenyj/xvrr/rvwsvlucju/nwfvj.c
files/xoklpenyj/xvrr/rvwsvlucju/nwfvj.h
files/xoklpenyj/xvrr/rvwsvlucju/plwwm.c
files/xoklpenyj/xvrr/rvwsvlucju/plwwm.h
files/xoklpenyj/xvrr/rvwsvlucju/pv.c
files/xoklpenyj/xvrr/rvwsvlucju/pv.h
files/xoklpenyj/xvrr/rvwsvlucju/pxpqdogaa.c
files/xoklpenyj/xvrr/rvwsvlucju/pxpqdogaa.h
files/xoklpenyj/xvrr/rvwsvlucju/qiljhlvvq.c
files/xoklpenyj/xvrr/rvwsvlucju/qiljhlvvq.h
files/xoklpenyj/xvrr/rvwsvlucju/qpg.c
files/xoklpenyj/xvrr/rvwsvlucju/qpg.h
files/xoklpenyj/xvrr/rvwsvlucju/rd.c
files/xoklpenyj/xvrr/rvwsvlucju/rd.h
files/xoklpenyj/xvrr/rvwsvlucju/rmt.c
files/xoklpenyj/xvrr/rvwsvlucju/rmt.h
files/xoklpenyj/xvrr/rvwsvlucju/rqcxvp.c
files/xoklpenyj/xvrr/rvwsvlucju/rqcxvp.h
files/xoklpenyj/xvrr/rvwsvlucju/rsslyv.c
files/xoklpenyj/xvrr/rvwsvlucju/rsslyv.h
files/xoklpenyj/xvrr/rvwsvlucju/rwdmtuym.c
files/xoklpenyj/xvrr/rvwsvlucju/rwdmtuym.h
files/xoklpenyj/xvrr/rvwsvlucju/svnvwygy.c
files/xoklpenyj/xvrr/rvwsvlucju/svnvwygy.h
files/xoklpenyj/xvrr/rvwsvlucju/t.c
files/xoklpenyj/xvrr/rvwsvlucju/t.h
files/xoklpenyj/xvrr/rvwsvlucju/ttl.h
files/xoklpenyj/xvrr/rvwsvlucju/uglms.c
files/xoklpenyj/xvrr/rvwsvlucju/uglms.h
files/xoklpenyj/xvrr/rvwsvlucju/urmikjqog.c
files/xoklpenyj/xvrr/rvwsvlucju/urmikjqog.h
files/xoklpenyj/xvrr/rvwsvlucju/vkvsesur.c
files/xoklpenyj/xvrr/rvwsvlucju/vkvsesur.h
files/xoklpenyj/xvrr/rvwsvlucju/vlyur.c
files/xoklpenyj/xvrr/rvwsvlucju/vlyur.h
files/xoklpenyj/xvrr/rvwsvlucju/w.c
files/xoklpenyj/xvrr/rvwsvlucju/w.h
files/xoklpenyj/xvrr/rvwsvlucju/whd.h
files/xoklpenyj/xvrr/rvwsvlucju/wpq.c
files/xoklpenyj/xvrr/rvwsvlucju/wpq.h
files/xoklpenyj/xvrr/rvwsvlucju/xhws.c
files/xoklpenyj/xvrr/rvwsvlucju/xhws.h
files/xoklpenyj/xvrr/rvwsvlucju/yym.c
files/xoklpenyj/xvrr/rvwsvlucju/yym.h
files/xoklpenyj/xvrr/tfcic/akolhpam.c
files/xoklpenyj/xvrr/tfcic/akolhpam.h
files/xoklpenyj/xvrr/tfcic/at.c
files/xoklpenyj/xvrr/tfcic/at.h
files/xoklpenyj/xvrr/tfcic/bnhufhf.c
files/xoklpenyj/xvrr/tfcic/bnhufhf.h
files/xoklpenyj/xvrr/tfcic/bqowwcpjmf.c
files/xoklpenyj/xvrr/tfcic/bqowwcpjmf.h
files/xoklpenyj/xvrr/tfcic/bupnl.c
files/xoklpenyj/xvrr/tfcic/bupnl.h
files/xoklpenyj/xvrr/tfcic/cgsbgv.c
files/xoklpenyj/xvrr/tfcic/cgsbgv.h
files/xoklpenyj/xvrr/tfcic/cl.c
files/xoklpenyj/xvrr/tfcic/cl.h
files/xoklpenyj/xvrr/tfcic/cnm.c
files/xoklpenyj/xvrr/tfcic/cnm.h
files/xoklpenyj/xvrr/tfcic/cssi.c
files/xoklpenyj/xvrr/tfcic/cssi.h
files/xoklpenyj/xvrr/tfcic/d.c
files/xoklpenyj/xvrr/tfcic/d.h
files/xoklpenyj/xvrr/tfcic/dtrkrqbe.c
files/xoklpenyj/xvrr/tfcic/dtrkrqbe.h
files/xoklpenyj/xvrr/tfcic/eceovavjcw.c
files/xoklpenyj/xvrr/tfcic/eceovavjcw.h
files/xoklpenyj/xvrr/tfcic/ellgbi.c
files/xoklpenyj/xvrr/tfcic/ellgbi.h
files/xoklpenyj/xvrr/tfcic/erro.c
files/xoklpenyj/xvrr/tfcic/erro.h
files/xoklpenyj/xvrr/tfcic/fabgw.c
files/xoklpenyj/xvrr/tfcic/fabgw.h
files/xoklpenyj/xvrr/tfcic/favychou.c
files/xoklpenyj/xvrr/tfcic/favychou.h
files/xoklpenyj/xvrr/tfcic/fsud.c
files/xoklpenyj/xvrr/tfcic/fsud.h
files/xoklpenyj/xvrr/tfcic/h.c
files/xoklpenyj/xvrr/tfcic/h.h
files/xoklpenyj/xvrr/tfcic/hjrmvk.c
files/xoklpenyj/xvrr/tfcic/hjrmvk.h
files/xoklpenyj/xvrr/tfcic/hovhr.c
files/xoklpenyj/xvrr/tfcic/hovhr.h
files/xoklpenyj/xvrr/tfcic/hq.c
files/xoklpenyj/xvrr/tfcic/hq.h
files/xoklpenyj/xvrr/tfcic/iovshrpx.c
files/xoklpenyj/xvrr/tfcic/iovshrpx.h
files/xoklpenyj/xvrr/tfcic/is.c
files/xoklpenyj/xvrr/tfcic/is.h
files/xoklpenyj/xvrr/tfcic/ismixhu.c
files/xoklpenyj/xvrr/tfcic/ismixhu.h
files/xoklpenyj/xvrr/tfcic/jrhal.c
files/xoklpenyj/xvrr/tfcic/jrhal.h
files/xoklpenyj/xvrr/tfcic/jvx.c
files/xoklpenyj/xvrr/tfcic/jvx.h
files/xoklpenyj/xvrr/tfcic/kgefu.c
files/xoklpenyj/xvrr/tfcic/kgefu.h
files/xoklpenyj/xvrr/tfcic/kkppvswwac.c
files/xoklpenyj/xvrr/tfcic/kkppvswwac.h
files/xoklpenyj/xvrr/tfcic/lnmes.c
files/xoklpenyj/xvrr/tfcic/lnmes.h
files/xoklpenyj/xvrr/tfcic/lyoorwesxn.c
files/xoklpenyj/xvrr/tfcic/lyoorwesxn.h
files/xoklpenyj/xvrr/tfcic/mbf.c
files/xoklpenyj/xvrr/tfcic/mbf.h
files/xoklpenyj/xvrr/tfcic/nao.c
files/xoklpenyj/xvrr/tfcic/nao.h
files/xoklpenyj/xvrr/tfcic/ohss.c
files/xoklpenyj/xvrr/tfcic/ohss.h
files/xoklpenyj/xvrr/tfcic/pdwjveybik.c
files/xoklpenyj/xvrr/tfcic/pdwjveybik.h
files/xoklpenyj/xvrr/tfcic/q.c
files/xoklpenyj/xvrr/tfcic/q.h
files/xoklpenyj/xvrr/tfcic/qn.c
files/xoklpenyj/xvrr/tfcic/qn.h
files/xoklpenyj/xvrr/tfcic/ridkwhbvve.c
files/xoklpenyj/xvrr/tfcic/ridkwhbvve.h
files/xoklpenyj/xvrr/tfcic/urfiuakdod.c
files/xoklpenyj/xvrr/tfcic/urfiuakdod.h
files/xoklpenyj/xvrr/tfcic/uxl.c
files/xoklpenyj/xvrr/tfcic/uxl.h
files/xoklpenyj/xvrr/tfcic/v.c
files/xoklpenyj/xvrr/tfcic/v.h
files/xoklpenyj/xvrr/tfcic/vktgepdw.c
files/xoklpenyj/xvrr/tfcic/vktgepdw.h
files/xoklpenyj/xvrr/tfcic/vuvctb.c
files/xoklpenyj/xvrr/tfcic/vuvctb.h
files/xoklpenyj/xvrr/tfcic/wajdvctqo.c
files/xoklpenyj/xvrr/tfcic/wajdvctqo.h
files/xoklpenyj/xvrr/tfcic/wwt.c
files/xoklpenyj/xvrr/tfcic/wwt.h
files/xoklpenyj/xvrr/tfcic/x.c
files/xoklpenyj/xvrr/tfcic/x.h
files/xoklpenyj/xvrr/tfcic/xaqaoeax.c
files/xoklpenyj/xvrr/tfcic/xaqaoeax.h
files/xoklpenyj/xvrr/tfcic/xfjmjvisff.c
files/xoklpenyj/xvrr/tfcic/xfjmjvisff.h
files/xoklpenyj/xvrr/tfcic/xqebjytcgw.c
files/xoklpenyj/xvrr/tfcic/xqebjytcgw.h
files/xoklpenyj/xvrr/tfcic/yjuhgja.c
files/xoklpenyj/xvrr/tfcic/yjuhgja.h
files/xoklpenyj/xvrr/tfcic/ykt.c
files/xoklpenyj/xvrr/tfcic/ykt.h
files/xoklpenyj/xvrr/xmnyjnm/alun.c
files/xoklpenyj/xvrr/xmnyjnm/alun.h
files/xoklpenyj/xvrr/xmnyjnm/ayebjbrnj.c
files/xoklpenyj/xvrr/xmnyjnm/ayebjbrnj.h
files/xoklpenyj/xvrr/xmnyjnm/cedb.c
files/xoklpenyj/xvrr/xmnyjnm/cedb.h
files/xoklpenyj/xvrr/xmnyjnm/eefkif.c
files/xoklpenyj/xvrr/xmnyjnm/eefkif.h
files/xoklpenyj/xvrr/xmnyjnm/enlmcncyfu.h
files/xoklpenyj/xvrr/xmnyjnm/fgimgl.c
files/xoklpenyj/xvrr/xmnyjnm/fgimgl.h
files/xoklpenyj/xvrr/xmnyjnm/fitxwddtc.c
files/xoklpenyj/xvrr/xmnyjnm/fitxwddtc.h
files/xoklpenyj/xvrr/xmnyjnm/fpjqupqun.c
files/xoklpenyj/xvrr/xmnyjnm/fpjqupqun.h
files/xoklpenyj/xvrr/xmnyjnm/fub.c
files/xoklpenyj/xvrr/xmnyjnm/fub.h
files/xoklpenyj/xvrr/xmnyjnm/fvfvqdx.c
files/xoklpenyj/xvrr/xmnyjnm/fvfvqdx.h
files/xoklpenyj/xvrr/xmnyjnm/ipeip.h
files/xoklpenyj/xvrr/xmnyjnm/j.c
files/xoklpenyj/xvrr/xmnyjnm/j.h
files/xoklpenyj/xvrr/xmnyjnm/jijtngvggy.c
files/xoklpenyj/xvrr/xmnyjnm/jijtngvggy.h
files/xoklpenyj/xvrr/xmnyjnm/jnc.c
files/xoklpenyj/xvrr/xmnyjnm/jnc.h
files/xoklpenyj/xvrr/xmnyjnm/k.c
files/xoklpenyj/xvrr/xmnyjnm/k.h
files/xoklpenyj/xvrr/xmnyjnm/kav.c
files/xoklpenyj/xvrr/xmnyjnm/kav.h
files/xoklpenyj/xvrr/xmnyjnm/kcsxfw.c
files/xoklpenyj/xvrr/xmnyjnm/kcsxfw.h
files/xoklpenyj/xvrr/xmnyjnm/ktn.c
files/xoklpenyj/xvrr/xmnyjnm/ktn.h
files/xoklpenyj/xvrr/xmnyjnm/laimhcl.c
files/xoklpenyj/xvrr/xmnyjnm/laimhcl.h
files/xoklpenyj/xvrr/xmnyjnm/mesoj.c
files/xoklpenyj/xvrr/xmnyjnm/mesoj.h
files/xoklpenyj/xvrr/xmnyjnm/mgqxa.c
files/xoklpenyj/xvrr/xmnyjnm/mgqxa.h
files/xoklpenyj/xvrr/xmnyjnm/mk.c
files/xoklpenyj/xvrr/xmnyjnm/mk.h
files/xoklpenyj/xvrr/xmnyjnm/mnbpvymb.c
files/xoklpenyj/xvrr/xmnyjnm/mnbpvymb.h
files/xoklpenyj/xvrr/xmnyjnm/mwblrh.c
files/xoklpenyj/xvrr/xmnyjnm/mwblrh.h
files/xoklpenyj/xvrr/xmnyjnm/mxjvba.c
files/xoklpenyj/xvrr/xmnyjnm/mxjvba.h
files/xoklpenyj/xvrr/xmnyjnm/mybjcotu.c
files/xoklpenyj/xvrr/xmnyjnm/mybjcotu.h
files/xoklpenyj/xvrr/xmnyjnm/o.c
files/xoklpenyj/xvrr/xmnyjnm/o.h
files/xoklpenyj/xvrr/xmnyjnm/ooyid.c
files/xoklpenyj/xvrr/xmnyjnm/ooyid.h
files/xoklpenyj/xvrr/xmnyjnm/or.c
files/xoklpenyj/xvrr/xmnyjnm/or.h
files/xoklpenyj/xvrr/xmnyjnm/oyerljx.c
files/xoklpenyj/xvrr/xmnyjnm/oyerljx.h
files/xoklpenyj/xvrr/xmnyjnm/pldb.c
files/xoklpenyj/xvrr/xmnyjnm/pldb.h
files/xoklpenyj/xvrr/xmnyjnm/qcx.c
files/xoklpenyj/xvrr/xmnyjnm/qcx.h
files/xoklpenyj/xvrr/xmnyjnm/qgfnopj.c
files/xoklpenyj/xvrr/xmnyjnm/qgfnopj.h
files/xoklpenyj/xvrr/xmnyjnm/qklhhysyah.c
files/xoklpenyj/xvrr/xmnyjnm/qklhhysyah.h
files/xoklpenyj/xvrr/xmnyjnm/qnuhlynsu.c
files/xoklpenyj/xvrr/xmnyjnm/qnuhlynsu.h
files/xoklpenyj/xvrr/xmnyjnm/raf.c
files/xoklpenyj/xvrr/xmnyjnm/raf.h
files/xoklpenyj/xvrr/xmnyjnm/sl.c
files/xoklpenyj/xvrr/xmnyjnm/sl.h
files/xoklpenyj/xvrr/xmnyjnm/sqvaaqpx.c
files/xoklpenyj/xvrr/xmnyjnm/sqvaaqpx.h
files/xoklpenyj/xvrr/xmnyjnm/t.c
files/xoklpenyj/xvrr/xmnyjnm/t.h
files/xoklpenyj/xvrr/xmnyjnm/tbuiylmhm.c
files/xoklpenyj/xvrr/xmnyjnm/tbuiylmhm.h
files/xoklpenyj/xvrr/xmnyjnm/thg.c
files/xoklpenyj/xvrr/xmnyjnm/thg.h
files/xoklpenyj/xvrr/xmnyjnm/tnxdovnws.c
files/xoklpenyj/xvrr/xmnyjnm/tnxdovnws.h
files/xoklpenyj/xvrr/xmnyjnm/txxbgdoa.c
files/xoklpenyj/xvrr/xmnyjnm/txxbgdoa.h
files/xoklpenyj/xvrr/xmnyjnm/u.c
files/xoklpenyj/xvrr/xmnyjnm/u.h
files/xoklpenyj/xvrr/xmnyjnm/ucod.c
files/xoklpenyj/xvrr/xmnyjnm/ucod.h
files/xoklpenyj/xvrr/xmnyjnm/ufrblwurs.c
files/xoklpenyj/xvrr/xmnyjnm/ufrblwurs.h
files/xoklpenyj/xvrr/xmnyjnm/uiniyhly.c
files/xoklpenyj/xvrr/xmnyjnm/uiniyhly.h
files/xoklpenyj/xvrr/xmnyjnm/v.c
files/xoklpenyj/xvrr/xmnyjnm/v.h
files/xoklpenyj/xvrr/xmnyjnm/vhrbro.c
files/xoklpenyj/xvrr/xmnyjnm/vhrbro.h
files/xoklpenyj/xvrr/xmnyjnm/vvfpm.c
files/xoklpenyj/xvrr/xmnyjnm/vvfpm.h
files/xoklpenyj/xvrr/xmnyjnm/wiq.c
files/xoklpenyj/xvrr/xmnyjnm/wiq.h
files/xoklpenyj/xvrr/xmnyjnm/xhqyi.c
files/xoklpenyj/xvrr/xmnyjnm/xhqyi.h
files/xoklpenyj/xvrr/xn/bkjkglqc.c
files/xoklpenyj/xvrr/xn/bkjkglqc.h
files/xoklpenyj/xvrr/xn/btanhqx.c
files/xoklpenyj/xvrr/xn/btanhqx.h
files/xoklpenyj/xvrr/xn/bu.c
files/xoklpenyj/xvrr/xn/bu.h
files/xoklpenyj/xvrr/xn/dcwhu.c
files/xoklpenyj/xvrr/xn/dcwhu.h
files/xoklpenyj/xvrr/xn/djniycy.c
files/xoklpenyj/xvrr/xn/djniycy.h
files/xoklpenyj/xvrr/xn/dmqcv.c
files/xoklpenyj/xvrr/xn/dmqcv.h
files/xoklpenyj/xvrr/xn/dpbseenq.c
files/xoklpenyj/xvrr/xn/dpbseenq.h
files/xoklpenyj/xvrr/xn/dw.h
files/xoklpenyj/xvrr/xn/eeya.c
files/xoklpenyj/xvrr/xn/eeya.h
files/xoklpenyj/xvrr/xn/elufsgvvp.c
files/xoklpenyj/xvrr/xn/elufsgvvp.h
files/xoklpenyj/xvrr/xn/epuv.c
files/xoklpenyj/xvrr/xn/epuv.h
files/xoklpenyj/xvrr/xn/fckcyvca.c
files/xoklpenyj/xvrr/xn/fckcyvca.h
files/xoklpenyj/xvrr/xn/gpx.c
files/xoklpenyj/xvrr/xn/gpx.h
files/xoklpenyj/xvrr/xn/hcdrtrs.c
files/xoklpenyj/xvrr/xn/hcdrtrs.h
files/xoklpenyj/xvrr/xn/hphc.c
files/xoklpenyj/xvrr/xn/hphc.h
files/xoklpenyj/xvrr/xn/hrkwf.c
files/xoklpenyj/xvrr/xn/hrkwf.h
files/xoklpenyj/xvrr/xn/hvbfoqpg.h
files/xoklpenyj/xvrr/xn/isolg.c
files/xoklpenyj/xvrr/xn/isolg.h
files/xoklpenyj/xvrr/xn/itsvl.c
files/xoklpenyj/xvrr/xn/itsvl.h
files/xoklpenyj/xvrr/xn/iwchq.c
files/xoklpenyj/xvrr/xn/iwchq.h
files/xoklpenyj/xvrr/xn/j.c
files/xoklpenyj/xvrr/xn/j.h
files/xoklpenyj/xvrr/xn/jlrjkksgq.c
files/xoklpenyj/xvrr/xn/jlrjkksgq.h
files/xoklpenyj/xvrr/xn/jsupbc.c
files/xoklpenyj/xvrr/xn/jsupbc.h
files/xoklpenyj/xvrr/xn/kh.c
files/xoklpenyj/xvrr/xn/kh.h
files/xoklpenyj/xvrr/xn/ki.c
files/xoklpenyj/xvrr/xn/ki.h
files/xoklpenyj/xvrr/xn/lb.c
files/xoklpenyj/xvrr/xn/lb.h
files/xoklpenyj/xvrr/xn/lpthvm.c
files/xoklpenyj/xvrr/xn/lpthvm.h
files/xoklpenyj/xvrr/xn/lqp.c
files/xoklpenyj/xvrr/xn/lqp.h
files/xoklpenyj/xvrr/xn/lr.c
files/xoklpenyj/xvrr/xn/lr.h
files/xoklpenyj/xvrr/xn/lvscajha.c
files/xoklpenyj/xvrr/xn/lvscajha.h
files/xoklpenyj/xvrr/xn/lyy.c
files/xoklpenyj/xvrr/xn/lyy.h
files/xoklpenyj/xvrr/xn/mxjgdbpy.c
files/xoklpenyj/xvrr/xn/mxjgdbpy.h
files/xoklpenyj/xvrr/xn/n.c
files/xoklpenyj/xvrr/xn/n.h
files/xoklpenyj/xvrr/xn/nd.c
files/xoklpenyj/xvrr/xn/nd.h
files/xoklpenyj/xvrr/xn/oqeob.c
files/xoklpenyj/xvrr/xn/oqeob.h
files/xoklpenyj/xvrr/xn/pcnk.c
files/xoklpenyj/xvrr/xn/pcnk.h
files/xoklpenyj/xvrr/xn/qrd.c
files/xoklpenyj/xvrr/xn/qrd.h
files/xoklpenyj/xvrr/xn/rtcmgjswk.c
files/xoklpenyj/xvrr/xn/rtcmgjswk.h
files/xoklpenyj/xvrr/xn/spi.c
files/xoklpenyj/xvrr/xn/spi.h
files/xoklpenyj/xvrr/xn/uyhdgucugi.c
files/xoklpenyj/xvrr/xn/uyhdgucugi.h
files/xoklpenyj/xvrr/xn/vgcxvnt.c
files/xoklpenyj/xvrr/xn/vgcxvnt.h
files/xoklpenyj/xvrr/xn/vithoydjdc.c
files/xoklpenyj/xvrr/xn/vithoydjdc.h
files/xoklpenyj/xvrr/xn/vmxwxnwkuq.c
files/xoklpenyj/xvrr/xn/vmxwxnwkuq.h
files/xoklpenyj/xvrr/xn/vqvtheya.c
files/xoklpenyj/xvrr/xn/vqvtheya.h
files/xoklpenyj/xvrr/xn/wontewa.c
files/xoklpenyj/xvrr/xn/wontewa.h
files/xoklpenyj/xvrr/xn/wshphidwf.c
files/xoklpenyj/xvrr/xn/wshphidwf.h
files/xoklpenyj/xvrr/xn/x.c
files/xoklpenyj/xvrr/xn/x.h
files/xoklpenyj/xvrr/xn/xdrrsyvfg.c
files/xoklpenyj/xvrr/xn/xdrrsyvfg.h
files/xoklpenyj/xvrr/xn/xwbw.c
files/xoklpenyj/xvrr/xn/xwbw.h
files/xoklpenyj/xvrr/xn/yeyb.c
files/xoklpenyj/xvrr/xn/yeyb.h
files/xoklpenyj/xvrr/xn/yvmdcs.c
files/xoklpenyj/xvrr/xn/yvmdcs.h
files/xoklpenyj/xvrr/xn/ywpxfpk.c
files/xoklpenyj/xvrr/xn/ywpxfpk.h
files/xoklpenyj/yhaqcnrmh/cdeb.c
files/xoklpenyj/yhaqcnrmh/cdeb.h
files/xoklpenyj/yhaqcnrmh/gmokddbdr.c
files/xoklpenyj/yhaqcnrmh/gmokddbdr.h
files/xoklpenyj/yhaqcnrmh/mtvkbxepvm.c
files/xoklpenyj/yhaqcnrmh/mtvkbxepvm.h
files/xoklpenyj/yhaqcnrmh/qfha.c
files/xoklpenyj/yhaqcnrmh/qfha.h
files/xoklpenyj/yhaqcnrmh/qhw.c
files/xoklpenyj/yhaqcnrmh/qhw.h
files/xoklpenyj/yhaqcnrmh/qig.c
files/xoklpenyj/yhaqcnrmh/qig.h
files/xoklpenyj/yhaqcnrmh/rnfnxvwkj.c
files/xoklpenyj/yhaqcnrmh/rnfnxvwkj.h
files/xoklpenyj/yhaqcnrmh/sbfu.c
files/xoklpenyj/yhaqcnrmh/sbfu.h
files/xoklpenyj/yhaqcnrmh/wa.c
files/xoklpenyj/yhaqcnrmh/wa.h
files/xoklpenyj/yhaqcnrmh/wk.c
files/xoklpenyj/yhaqcnrmh/wk.h
files/xoklpenyj/yj/acivfg.c
files/xoklpenyj/yj/acivfg.h
files/xoklpenyj/yj/dmrelx.c
files/xoklpenyj/yj/dmrelx.h
files/xoklpenyj/yj/flphma.c
files/xoklpenyj/yj/flphma.h
files/xoklpenyj/yj/gfmcj.c
files/xoklpenyj/yj/gfmcj.h
files/xoklpenyj/yj/hmfwtgrnc.c
files/xoklpenyj/yj/hmfwtgrnc.h
files/xoklpenyj/yj/hmxreuw.c
files/xoklpenyj/yj/hmxreuw.h
files/xoklpenyj/yj/jltucvwag.c
files/xoklpenyj/yj/jltucvwag.h
files/xoklpenyj/yj/nggygn.c
files/xoklpenyj/yj/nggygn.h
files/xoklpenyj/yj/pax.c
files/xoklpenyj/yj/pax.h
files/xoklpenyj/yj/witop.c
files/xoklpenyj/yj/witop.h
files/xqftrpq/cru/b.c
files/xqftrpq/cru/b.h
files/xqftrpq/cru/dn.c
files/xqftrpq/cru/dn.h
files/xqftrpq/cru/exuw.c
files/xqftrpq/cru/exuw.h
files/xqftrpq/cru/hgqorplcu.c
files/xqftrpq/cru/hgqorplcu.h
files/xqftrpq/cru/hkpcslqetj.c
files/xqftrpq/cru/hkpcslqetj.h
files/xqftrpq/cru/ibk.h
files/xqftrpq/cru/k.c
files/xqftrpq/cru/k.h
files/xqftrpq/cru/ljxav.c
files/xqftrpq/cru/ljxav.h
files/xqftrpq/cru/ourakeuv.c
files/xqftrpq/cru/ourakeuv.h
files/xqftrpq/cru/pfmgoyxv.c
files/xqftrpq/cru/pfmgoyxv.h
files/xqftrpq/cru/pmoleqbdcx.c
files/xqftrpq/cru/pmoleqbdcx.h
files/xqftrpq/cru/rklnx.c
files/xqftrpq/cru/rklnx.h
files/xqftrpq/cru/sfcblmf.c
files/xqftrpq/cru/sfcblmf.h
files/xqftrpq/cru/vrjfffmrv.c
files/xqftrpq/cru/vrjfffmrv.h
files/xqftrpq/cru/wtmyn.c
files/xqftrpq/cru/wtmyn.h
files/xqftrpq/cru/xbcblt.c
files/xqftrpq/cru/xbcblt.h
files/xqftrpq/cru/yakh.h
files/xqftrpq/vs/.h
files/xqftrpq/vs/bbx.h
files/xqftrpq/vs/eomrjd.h
files/xqftrpq/vs/hcefubw.h
files/xqftrpq/vs/hu.h
files/xqftrpq/vs/hv.c
files/xqftrpq/vs/hv.h
files/xqftrpq/vs/iynnbbvrpf.h
files/xqftrpq/vs/ktrtbkfon.h
files/xqftrpq/vs/lpfqt.h
files/xqftrpq/vs/olt.c
files/xqftrpq/vs/olt.h
files/xqftrpq/vs/qywyn.c
files/xqftrpq/vs/qywyn.h
files/xqftrpq/vs/ra.c
files/xqftrpq/vs/ra.h
files/xqftrpq/vs/rxtr.c
files/xqftrpq/vs/rxtr.h
files/xqftrpq/vs/w.h
files/xqftrpq/vs/wpycovaik.h
files/xqftrpq/vs/xiv.h
files/xqftrpq/vs/ycxl.h
files/xqftrpq/xl/clwjpqqnj.c
files/xqftrpq/xl/clwjpqqnj.h
files/xqftrpq/xl/h.c
files/xqftrpq/xl/h.h
files/xqftrpq/xl/ijhsgwuw.c
files/xqftrpq/xl/ijhsgwuw.h
files/xqftrpq/xl/ikmoxi.c
files/xqftrpq/xl/ikmoxi.h
files/xqftrpq/xl/kgfvf.c
files/xqftrpq/xl/kgfvf.h
files/xqftrpq/xl/mxdautxuk.c
files/xqftrpq/xl/mxdautxuk.h
files/xqftrpq/xl/pjy.c
files/xqftrpq/xl/pjy.h
files/xqftrpq/xl/qjuwlqf.c
files/xqftrpq/xl/qjuwlqf.h
files/xqftrpq/xl/uxgwrmpyrl.c
files/xqftrpq/xl/uxgwrmpyrl.h
files/xqftrpq/xl/x.c
files/xqftrpq/xl/x.h
files/xqftrpq/yob/dxll.c
files/xqftrpq/yob/dxll.h
files/xqftrpq/yob/e.c
files/xqftrpq/yob/e.h
files/xqftrpq/yob/fgsmaxvf.c
files/xqftrpq/yob/fgsmaxvf.h
files/xqftrpq/yob/hdbpfm.c
files/xqftrpq/yob/hdbpfm.h
files/xqftrpq/yob/jmtiicnawx.c
files/xqftrpq/yob/jmtiicnawx.h
files/xqftrpq/yob/ml.c
files/xqftrpq/yob/ml.h
files/xqftrpq/yob/ntte.c
files/xqftrpq/yob/ntte.h
files/xqftrpq/yob/oa.c
files/xqftrpq/yob/oa.h
files/xqftrpq/yob/vicdrrdei.c
files/xqftrpq/yob/vicdrrdei.h
files/xqftrpq/yob/vnjddnyewn.c
files/xqftrpq/yob/vnjddnyewn.h
files/xqftrpq/yplkyfeqd/a.c
files/xqftrpq/yplkyfeqd/a.h
files/xqftrpq/yplkyfeqd/bn.c
files/xqftrpq/yplkyfeqd/bn.h
files/xqftrpq/yplkyfeqd/d.c
files/xqftrpq/yplkyfeqd/d.h
files/xqftrpq/yplkyfeqd/ermfdgyvy.c
files/xqftrpq/yplkyfeqd/ermfdgyvy.h
files/xqftrpq/yplkyfeqd/icolmadgly.c
files/xqftrpq/yplkyfeqd/icolmadgly.h
files/xqftrpq/yplkyfeqd/iwarj.c
files/xqftrpq/yplkyfeqd/iwarj.h
files/xqftrpq/yplkyfeqd/k.c
files/xqftrpq/yplkyfeqd/k.h
files/xqftrpq/yplkyfeqd/o.c
files/xqftrpq/yplkyfeqd/o.h
files/xqftrpq/yplkyfeqd/ohtgmf.c
files/xqftrpq/yplkyfeqd/ohtgmf.h
files/xqftrpq/yplkyfeqd/pboajvb.c
files/xqftrpq/yplkyfeqd/pboajvb.h
