files/abknl/aqybc/aeph.java
files/abknl/aqybc/awqgdbcef.java
files/abknl/aqybc/ay.java
files/abknl/aqybc/ayackr.java
files/abknl/bbxudleuf/jlffhq/y/xwjj/ell/aptv.java
files/abknl/bbxudleuf/jlffhq/y/xwjj/ell/auhcfkdt.java
files/abknl/bbxudleuf/jlffhq/y/xwjj/xrhyhq/ijklr/afdeesbbb.java
files/abknl/dqxkoilg/anerfy.java
files/abknl/dqxkoilg/asivx.java
files/abknl/ge/fdcahnwtrr/aakfqidj.java
files/abknl/ge/fdcahnwtrr/anouapps.java
files/abknl/ge/fdcahnwtrr/avbm.java
files/abknl/ge/fdcahnwtrr/axidr.java
files/abknl/ge/fdcahnwtrr/b/auglgb.java
files/abknl/ge/fdcahnwtrr/e/anudip.java
files/abknl/ge/fdcahnwtrr/jjlvhvv/aykmrbrbk.java
files/abknl/ge/fdcahnwtrr/q/aeukm.java
files/abknl/ge/fdcahnwtrr/q/plaf/afmcin.java
files/abknl/ge/fdcahnwtrr/q/plaf/gpvb/aejj.java
files/abknl/ge/fdcahnwtrr/q/plaf/gpvb/anwhtsxt.java
files/abknl/ge/fdcahnwtrr/q/plaf/gpvb/aoxewasr.java
files/abknl/ge/fdcahnwtrr/q/plaf/gpvb/ardqucj.java
files/abknl/ge/fdcahnwtrr/q/plaf/insur/agpsdstlgf.java
files/abknl/ge/fdcahnwtrr/q/plaf/wufjlcg/asqdovv.java
files/abknl/ge/fdcahnwtrr/yesb/afgnu.java
files/abknl/ge/fdcahnwtrr/yesb/antklk.java
files/abknl/immvtjuo/src/oh/rakcv/dufsohlo/asqdao.java
files/abknl/immvtjuo/src/oh/rakcv/uay/avrb.java
files/abknl/immvtjuo/src/oh/rakcv/vlv/amcnlcgpjo.java
files/abknl/immvtjuo/src/oh/rakcv/ytv/avrwj.java
files/abknl/immvtjuo/src/oh/rakcv/ytv/awjrwgb.java
files/abknl/iptesca/src/hdexpnnef/rpgdxcngli/xl2/atmkjhj.java
files/abknl/jberll/agmexlsi.java
files/abknl/kfc/aksilm.java
files/abknl/mxfvt/aejhcsbdqs.java
files/abknl/mxfvt/agm.java
files/abknl/nto/adxcmb.java
files/abknl/nto/aphwx.java
files/abknl/nto/ar.java
files/abknl/p/arqo.java
files/abknl/rs/adpvsx.java
files/abknl/rs/axicbrinv.java
files/abknl/rs/axqoxd.java
files/abknl/snlpl/aunk.java
