files/abknl/apfmpohgyh/a.class
files/abknl/apfmpohgyh/ds.java
files/abknl/apfmpohgyh/n.class
files/abknl/apfmpohgyh/x.class
files/abknl/aqybc/ay.java
files/abknl/aqybc/bdj.txt
files/abknl/aqybc/bq.java
files/abknl/aqybc/g.class
files/abknl/aqybc/hj.java
files/abknl/aqybc/i.class
files/abknl/aqybc/ms.java
files/abknl/aqybc/rm.java
files/abknl/aqybc/xb.java
files/abknl/bbxudleuf/jlffhq/y/xwjj/dyetqhsch/e.class
files/abknl/bbxudleuf/jlffhq/y/xwjj/dyetqhsch/ii.java
files/abknl/bbxudleuf/jlffhq/y/xwjj/ell/ek.java
files/abknl/bbxudleuf/jlffhq/y/xwjj/ell/njwqdp/di.html
files/abknl/bbxudleuf/jlffhq/y/xwjj/ell/njwqdp/po.html
files/abknl/bbxudleuf/jlffhq/y/xwjj/ell/nu.java
files/abknl/bbxudleuf/jlffhq/y/xwjj/ell/os.java
files/abknl/bbxudleuf/jlffhq/y/xwjj/ga/dk.java
files/abknl/bbxudleuf/jlffhq/y/xwjj/ga/mdmcdtusn/qg.html
files/abknl/bbxudleuf/jlffhq/y/xwjj/ga/qh.java
files/abknl/bbxudleuf/jlffhq/y/xwjj/ga/wu.java
files/abknl/bbxudleuf/jlffhq/y/xwjj/mxpvfeen/dh.java
files/abknl/bbxudleuf/jlffhq/y/xwjj/mxpvfeen/fp.java
files/abknl/bbxudleuf/jlffhq/y/xwjj/mxpvfeen/g.class
files/abknl/bbxudleuf/jlffhq/y/xwjj/mxpvfeen/gs.java
files/abknl/bbxudleuf/jlffhq/y/xwjj/mxpvfeen/ll.java
files/abknl/bbxudleuf/jlffhq/y/xwjj/mxpvfeen/njpwyue/cmh.jpg
files/abknl/bbxudleuf/jlffhq/y/xwjj/mxpvfeen/ql.java
files/abknl/bbxudleuf/jlffhq/y/xwjj/ngysjp/ka.java
files/abknl/bbxudleuf/jlffhq/y/xwjj/ohv/f.class
files/abknl/bbxudleuf/jlffhq/y/xwjj/ohv/of.java
files/abknl/bbxudleuf/jlffhq/y/xwjj/ohv/ud.java
files/abknl/bbxudleuf/jlffhq/y/xwjj/tueljn/ih.html
files/abknl/bbxudleuf/jlffhq/y/xwjj/uloy/lu.java
files/abknl/bbxudleuf/jlffhq/y/xwjj/uloy/uw.java
files/abknl/bbxudleuf/jlffhq/y/xwjj/xem/df.java
files/abknl/bbxudleuf/jlffhq/y/xwjj/xem/vj.java
files/abknl/bbxudleuf/jlffhq/y/xwjj/xrhyhq/ijklr/ll.java
files/abknl/bbxudleuf/jlffhq/y/xwjj/xrhyhq/ijklr/lsfm.sh
files/abknl/bbxudleuf/mxb/fe/ndmg/abulfamwy/ol.html
files/abknl/bbxudleuf/mxb/fe/ndmg/hlrrslhr/cd.html
files/abknl/bbxudleuf/mxb/fe/ndmg/hlrrslhr/ik.html
files/abknl/bbxudleuf/mxb/fe/ndmg/jlyfnq/jy.html
files/abknl/bbxudleuf/mxb/fe/ndmg/jws/ar.html
files/abknl/bbxudleuf/mxb/fe/ndmg/jws/ri.html
files/abknl/bbxudleuf/mxb/fe/ndmg/jws/wy.html
files/abknl/bbxudleuf/mxb/fe/ndmg/oq.html
files/abknl/bbxudleuf/mxb/fe/ndmg/otskqcqxcd/vr.html
files/abknl/bbxudleuf/mxb/fe/ndmg/pjhh/gn.html
files/abknl/bbxudleuf/mxb/fe/ndmg/qyd/bp.html
files/abknl/bbxudleuf/mxb/fe/ndmg/qyd/kh.html
files/abknl/bbxudleuf/mxb/fe/ndmg/qyd/lj.html
files/abknl/bbxudleuf/mxb/fe/ndmg/sg.html
files/abknl/bbxudleuf/mxb/fe/ndmg/ty.html
files/abknl/bbxudleuf/mxb/fe/ndmg/u/ai.html
files/abknl/bbxudleuf/mxb/fe/ndmg/u/kq.html
files/abknl/bbxudleuf/mxb/fe/ndmg/u/vw.html
files/abknl/bbxudleuf/mxb/fe/ndmg/uldosdybn/xeh.gif
files/abknl/bbxudleuf/mxb/fe/ndmg/uldosdybn/ypt.gif
files/abknl/dqxkoilg/xb.java
files/abknl/epbfb/h.class
files/abknl/exhnqg/dl.java
files/abknl/exhnqg/ka.java
files/abknl/exhnqg/on.java
files/abknl/ge/fdcahnwtrr/b/nv.java
files/abknl/ge/fdcahnwtrr/b/pw.java
files/abknl/ge/fdcahnwtrr/bofcwvraax/jol.gif
files/abknl/ge/fdcahnwtrr/ci.java
files/abknl/ge/fdcahnwtrr/cp.java
files/abknl/ge/fdcahnwtrr/e/hf.java
files/abknl/ge/fdcahnwtrr/ec.java
files/abknl/ge/fdcahnwtrr/gaqgbfm/bv.java
files/abknl/ge/fdcahnwtrr/jh.java
files/abknl/ge/fdcahnwtrr/jjlvhvv/js.java
files/abknl/ge/fdcahnwtrr/ks.java
files/abknl/ge/fdcahnwtrr/ktrssa/in.java
files/abknl/ge/fdcahnwtrr/ktrssa/pa.java
files/abknl/ge/fdcahnwtrr/nh.java
files/abknl/ge/fdcahnwtrr/oj.java
files/abknl/ge/fdcahnwtrr/pjp/xr.java
files/abknl/ge/fdcahnwtrr/q/bt.java
files/abknl/ge/fdcahnwtrr/q/go.html
files/abknl/ge/fdcahnwtrr/q/ho.java
files/abknl/ge/fdcahnwtrr/q/plaf/dt.java
files/abknl/ge/fdcahnwtrr/q/plaf/gpvb/bm.java
files/abknl/ge/fdcahnwtrr/q/plaf/gpvb/fb.java
files/abknl/ge/fdcahnwtrr/q/plaf/gpvb/fp.java
files/abknl/ge/fdcahnwtrr/q/plaf/gpvb/fr.java
files/abknl/ge/fdcahnwtrr/q/plaf/gpvb/ie.java
files/abknl/ge/fdcahnwtrr/q/plaf/gpvb/kn.java
files/abknl/ge/fdcahnwtrr/q/plaf/gpvb/mq.java
files/abknl/ge/fdcahnwtrr/q/plaf/gpvb/mr.java
files/abknl/ge/fdcahnwtrr/q/plaf/gpvb/tc.java
files/abknl/ge/fdcahnwtrr/q/plaf/gpvb/ya.java
files/abknl/ge/fdcahnwtrr/q/plaf/insur/ef.java
files/abknl/ge/fdcahnwtrr/q/plaf/insur/rg.java
files/abknl/ge/fdcahnwtrr/q/plaf/insur/wm.java
files/abknl/ge/fdcahnwtrr/q/plaf/insur/yjywpu/bej.wav
files/abknl/ge/fdcahnwtrr/q/plaf/unpjukvi/kv.java
files/abknl/ge/fdcahnwtrr/q/plaf/unpjukvi/ob.java
files/abknl/ge/fdcahnwtrr/q/plaf/unpjukvi/uo.java
files/abknl/ge/fdcahnwtrr/q/plaf/unpjukvi/wm.java
files/abknl/ge/fdcahnwtrr/q/plaf/vc.java
files/abknl/ge/fdcahnwtrr/q/plaf/wufjlcg/fx.java
files/abknl/ge/fdcahnwtrr/q/plaf/wufjlcg/ij.java
files/abknl/ge/fdcahnwtrr/q/plaf/wufjlcg/ng.java
files/abknl/ge/fdcahnwtrr/q/plaf/wufjlcg/vn.java
files/abknl/ge/fdcahnwtrr/q/plaf/wufjlcg/wk.java
files/abknl/ge/fdcahnwtrr/q/plaf/wufjlcg/yg.java
files/abknl/ge/fdcahnwtrr/q/plaf/yc.java
files/abknl/ge/fdcahnwtrr/q/ux.java
files/abknl/ge/fdcahnwtrr/q/va.java
files/abknl/ge/fdcahnwtrr/q/xa.java
files/abknl/ge/fdcahnwtrr/q/yj.java
files/abknl/ge/fdcahnwtrr/qa.java
files/abknl/ge/fdcahnwtrr/rl.java
files/abknl/ge/fdcahnwtrr/us.java
files/abknl/ge/fdcahnwtrr/vr.java
files/abknl/ge/fdcahnwtrr/xx.java
files/abknl/ge/fdcahnwtrr/yesb/bp.java
files/abknl/ge/fdcahnwtrr/yesb/dj.java
files/abknl/ge/fdcahnwtrr/yesb/nw.java
files/abknl/ge/fdcahnwtrr/yesb/or.java
files/abknl/ge/fdcahnwtrr/yesb/se.java
files/abknl/ge/fdcahnwtrr/yesb/td.java
files/abknl/ge/fdcahnwtrr/yesb/ti.java
files/abknl/ge/fdcahnwtrr/yesb/xa.java
files/abknl/ge/fdcahnwtrr/yesb/xv.java
files/abknl/gfmjitj/docs/pp.html
files/abknl/gfmjitj/docs/slpo/hl.html
files/abknl/gfmjitj/docs/slpo/lg.html
files/abknl/gfmjitj/docs/slpo/lm.html
files/abknl/gfmjitj/docs/slpo/mp.html
files/abknl/gfmjitj/docs/slpo/mr.html
files/abknl/gfmjitj/docs/slpo/vl.html
files/abknl/gfmjitj/docs/ymcarjhts/bsg.gif
files/abknl/gfmjitj/docs/ymcarjhts/fxw.gif
files/abknl/gfmjitj/docs/ymcarjhts/xlg.gif
files/abknl/gfmjitj/docs/ymcarjhts/xrj.gif
files/abknl/gfmjitj/docs/ymcarjhts/yub.gif
files/abknl/gfmjitj/lib/cev.jar
files/abknl/gfmjitj/lib/ly.sha1
files/abknl/gfmjitj/lib/ndr.md5
files/abknl/gfmjitj/lib/sr.sha1
files/abknl/gfmjitj/lib/vo.sha1
files/abknl/hfs/fsppb/fko.csv
files/abknl/hfs/fsppb/gqm.csv
files/abknl/hfs/fsppb/phy.csv
files/abknl/hfs/fsppb/teeqj.c
files/abknl/hfs/fsppb/teeqj.h
files/abknl/hfs/fsppb/teeqj.o
files/abknl/hfs/fsppb/tnl.csv
files/abknl/hfs/j.class
files/abknl/hfs/mdxvacv/fk.java
files/abknl/hfs/mdxvacv/khe.tgz
files/abknl/hfs/mdxvacv/mck.csv
files/abknl/immvtjuo/lib/nss.jar
files/abknl/immvtjuo/src/oh/rakcv/dufsohlo/kg.java
files/abknl/immvtjuo/src/oh/rakcv/dufsohlo/ki.java
files/abknl/immvtjuo/src/oh/rakcv/dufsohlo/us.java
files/abknl/immvtjuo/src/oh/rakcv/ihkfwuk/wj.java
files/abknl/immvtjuo/src/oh/rakcv/nt/na.java
files/abknl/immvtjuo/src/oh/rakcv/vlv/fo.java
files/abknl/immvtjuo/src/oh/rakcv/vlv/mf.java
files/abknl/immvtjuo/src/oh/rakcv/ytv/dg.java
files/abknl/immvtjuo/src/oh/rakcv/ytv/ha.java
files/abknl/immvtjuo/src/oh/rakcv/ytv/vb.java
files/abknl/immvtjuo/src/oh/rakcv/ytv/vm.java
files/abknl/iptesca/src/hdexpnnef/rpgdxcngli/xl1/wq.java
files/abknl/iptesca/src/hdexpnnef/rpgdxcngli/xl2/cm.java
files/abknl/ircfiwbesn/bfumt/esbykqdym/kuc.dat
files/abknl/ircfiwbesn/bfumt/esbykqdym/sbg.dat
files/abknl/ircfiwbesn/bfumt/esbykqdym/uxx/jo.html
files/abknl/ircfiwbesn/bfumt/esbykqdym/uxx/rs.html
files/abknl/jberll/ci.java
files/abknl/jberll/ib.java
files/abknl/jtt/bv.java
files/abknl/jtt/rr.java
files/abknl/kfaqnaog/pu.java
files/abknl/kfc/co.java
files/abknl/kfc/jars/jrt.jar
files/abknl/kfc/jars/ojq.jar
files/abknl/kfc/jars/twa.jar
files/abknl/kfc/oy.java
files/abknl/kfc/q.class
files/abknl/kfc/tp.java
files/abknl/kfc/tt.java
files/abknl/kfc/umy.mp3
files/abknl/kfc/x.class
files/abknl/kfc/yk.java
files/abknl/lfvid/bvpfaocuej/xdghyxnor/bvf/iluxgja/mrrepbus/xualwjylw/d.class
files/abknl/lfvid/bvpfaocuej/xdghyxnor/bvf/iluxgja/mrrepbus/xualwjylw/qc.java
files/abknl/mxfvt/a.class
files/abknl/mxfvt/px.java
files/abknl/mxfvt/yj.java
files/abknl/nto/ar.java
files/abknl/nto/jb.java
files/abknl/nto/kimteayvha/qx.html
files/abknl/nto/qw.java
files/abknl/nto/t.class
files/abknl/nto/yl.java
files/abknl/odtajkxenk/wltutst/ik.java
files/abknl/odtajkxenk/xn/d.class
files/abknl/odtajkxenk/xn/f.class
files/abknl/odtajkxenk/xn/k.class
files/abknl/odtajkxenk/xn/x.class
files/abknl/p/mtbacco/dx.html
files/abknl/p/mtbacco/ll.html
files/abknl/p/mtbacco/oe.html
files/abknl/p/mtbacco/rt.html
files/abknl/p/mtbacco/sk.html
files/abknl/p/mtbacco/wn.html
files/abknl/p/mtbacco/wy.html
files/abknl/p/s.class
files/abknl/prkjncmm/lib/lxh.jar
files/abknl/rs/i.class
files/abknl/rs/j.class
files/abknl/rs/p.class
files/abknl/sdg/qh.java
files/abknl/sdg/tg.java
files/abknl/sy/a.class
files/abknl/sy/x.class
files/abknl/sy/y.class
files/abknl/trnrlyg/bin/i.class
files/abknl/uv/a.class
files/abknl/uv/u.class
files/abknl/vbo/k.class
files/abknl/vbo/np.java
files/abknl/vbo/t.class
files/abknl/wnjkfktuwm/qg.java
files/abknl/yakt/bin/nfy.mp3
files/abknl/yakt/bin/yud.mp3
files/abknl/yakt/src/nfy.mp3
files/abknl/yakt/src/yud.mp3
files/abknl/yt/ti.java
files/wrlb/wlrb.c~
files/xoklpenyj/asc/xlajv.c
files/xoklpenyj/asc/xlajv.h
files/xoklpenyj/asc/xlajv.o
files/xoklpenyj/ik/bqbo/ploys.c
files/xoklpenyj/ik/bqbo/ploys.h
files/xoklpenyj/ik/bqbo/ploys.o
files/xoklpenyj/ik/nuiix.c
files/xoklpenyj/ik/nuiix.h
files/xoklpenyj/ik/nuiix.o
files/xoklpenyj/ik/ueabxj/knuqs.c
files/xoklpenyj/ik/ueabxj/knuqs.h
files/xoklpenyj/ik/ueabxj/knuqs.o
files/xoklpenyj/ik/ueabxj/pqatkwg
files/xoklpenyj/ik/ytdtu.c
files/xoklpenyj/ik/ytdtu.h
files/xoklpenyj/ik/ytdtu.o
files/xoklpenyj/jgcjqphpg/cekyu.h
files/xoklpenyj/lfqapjh/nxaavxm
files/xoklpenyj/oqtt/c/ofqmc.c
files/xoklpenyj/oqtt/c/ofqmc.h
files/xoklpenyj/oqtt/c/ofqmc.o
files/xoklpenyj/oqtt/c/tagiu/mdpqj.a
files/xoklpenyj/oqtt/c/tagiu/pppjm.a
files/xoklpenyj/oqtt/c/yprcs.c
files/xoklpenyj/oqtt/c/yprcs.h
files/xoklpenyj/oqtt/c/yprcs.o
files/xoklpenyj/oqtt/gmghj.c
files/xoklpenyj/oqtt/gmghj.h
files/xoklpenyj/oqtt/gmghj.o
files/xoklpenyj/oqtt/hlhsd.c
files/xoklpenyj/oqtt/hlhsd.h
files/xoklpenyj/oqtt/hlhsd.o
files/xoklpenyj/oqtt/uq/kbjdt.y
files/xoklpenyj/oqtt/uq/yxbui.y
files/xoklpenyj/reirbfsvhn/tqble.h
files/xoklpenyj/rlunxlirgq/acm.pdf
files/xoklpenyj/vwhmbhiyn/wnnymdd
files/xoklpenyj/xvrr/b/cryqy.c
files/xoklpenyj/xvrr/b/cryqy.h
files/xoklpenyj/xvrr/b/yhutq.c
files/xoklpenyj/xvrr/b/yhutq.h
files/xoklpenyj/xvrr/bsbwqrs
files/xoklpenyj/xvrr/cctbevisd/awloq.c
files/xoklpenyj/xvrr/cctbevisd/awloq.h
files/xoklpenyj/xvrr/cctbevisd/kvoiq.c
files/xoklpenyj/xvrr/cctbevisd/kvoiq.h
files/xoklpenyj/xvrr/cctbevisd/lpnid.c
files/xoklpenyj/xvrr/cctbevisd/lpnid.h
files/xoklpenyj/xvrr/cctbevisd/rgbap.c
files/xoklpenyj/xvrr/cctbevisd/rgbap.h
files/xoklpenyj/xvrr/cctbevisd/tgnsw.c
files/xoklpenyj/xvrr/cctbevisd/tgnsw.h
files/xoklpenyj/xvrr/cctbevisd/vivhx.c
files/xoklpenyj/xvrr/cctbevisd/vivhx.h
files/xoklpenyj/xvrr/cctbevisd/xjxjs.c
files/xoklpenyj/xvrr/cctbevisd/xjxjs.h
files/xoklpenyj/xvrr/fks/rirxd.c
files/xoklpenyj/xvrr/fks/rirxd.h
files/xoklpenyj/xvrr/fks/rirxd.o
files/xoklpenyj/xvrr/fks/xefmj.c
files/xoklpenyj/xvrr/fks/xefmj.h
files/xoklpenyj/xvrr/fks/xefmj.o
files/xoklpenyj/xvrr/ruhfvwhh/axdow.c
files/xoklpenyj/xvrr/ruhfvwhh/axdow.h
files/xoklpenyj/xvrr/ruhfvwhh/axdow.o
files/xoklpenyj/xvrr/rvwsvlucju/lcwpe.c
files/xoklpenyj/xvrr/rvwsvlucju/lcwpe.h
files/xoklpenyj/xvrr/rvwsvlucju/lcwpe.o
files/xoklpenyj/xvrr/rvwsvlucju/nwfvj.c
files/xoklpenyj/xvrr/rvwsvlucju/nwfvj.h
files/xoklpenyj/xvrr/rvwsvlucju/nwfvj.o
files/xoklpenyj/xvrr/rvwsvlucju/plwwm.c
files/xoklpenyj/xvrr/rvwsvlucju/plwwm.h
files/xoklpenyj/xvrr/rvwsvlucju/plwwm.o
files/xoklpenyj/xvrr/rvwsvlucju/uglms.c
files/xoklpenyj/xvrr/rvwsvlucju/uglms.h
files/xoklpenyj/xvrr/rvwsvlucju/uglms.o
files/xoklpenyj/xvrr/rvwsvlucju/vlyur.c
files/xoklpenyj/xvrr/rvwsvlucju/vlyur.h
files/xoklpenyj/xvrr/rvwsvlucju/vlyur.o
files/xoklpenyj/xvrr/tfcic/bupnl.c
files/xoklpenyj/xvrr/tfcic/bupnl.h
files/xoklpenyj/xvrr/tfcic/bupnl.o
files/xoklpenyj/xvrr/tfcic/cgxtm.y
files/xoklpenyj/xvrr/tfcic/fabgw.c
files/xoklpenyj/xvrr/tfcic/fabgw.h
files/xoklpenyj/xvrr/tfcic/fabgw.o
files/xoklpenyj/xvrr/tfcic/hovhr.c
files/xoklpenyj/xvrr/tfcic/hovhr.h
files/xoklpenyj/xvrr/tfcic/hovhr.o
files/xoklpenyj/xvrr/tfcic/jrhal.c
files/xoklpenyj/xvrr/tfcic/jrhal.h
files/xoklpenyj/xvrr/tfcic/jrhal.o
files/xoklpenyj/xvrr/tfcic/kgefu.c
files/xoklpenyj/xvrr/tfcic/kgefu.h
files/xoklpenyj/xvrr/tfcic/kgefu.o
files/xoklpenyj/xvrr/tfcic/lnmes.c
files/xoklpenyj/xvrr/tfcic/lnmes.h
files/xoklpenyj/xvrr/tfcic/lnmes.o
files/xoklpenyj/xvrr/xmnyjnm/ipeip.h
files/xoklpenyj/xvrr/xmnyjnm/ipeip.o
files/xoklpenyj/xvrr/xmnyjnm/ipeip.y
files/xoklpenyj/xvrr/xmnyjnm/jns.exe
files/xoklpenyj/xvrr/xmnyjnm/mesoj.c
files/xoklpenyj/xvrr/xmnyjnm/mesoj.h
files/xoklpenyj/xvrr/xmnyjnm/mesoj.o
files/xoklpenyj/xvrr/xmnyjnm/mgqxa.c
files/xoklpenyj/xvrr/xmnyjnm/mgqxa.h
files/xoklpenyj/xvrr/xmnyjnm/mgqxa.o
files/xoklpenyj/xvrr/xmnyjnm/ooyid.c
files/xoklpenyj/xvrr/xmnyjnm/ooyid.h
files/xoklpenyj/xvrr/xmnyjnm/ooyid.o
files/xoklpenyj/xvrr/xmnyjnm/rrm.exe
files/xoklpenyj/xvrr/xmnyjnm/vvfpm.c
files/xoklpenyj/xvrr/xmnyjnm/vvfpm.h
files/xoklpenyj/xvrr/xmnyjnm/vvfpm.o
files/xoklpenyj/xvrr/xmnyjnm/xhqyi.c
files/xoklpenyj/xvrr/xmnyjnm/xhqyi.h
files/xoklpenyj/xvrr/xmnyjnm/xhqyi.o
files/xoklpenyj/xvrr/xn/dcwhu.c
files/xoklpenyj/xvrr/xn/dcwhu.h
files/xoklpenyj/xvrr/xn/dmqcv.c
files/xoklpenyj/xvrr/xn/dmqcv.h
files/xoklpenyj/xvrr/xn/hrkwf.c
files/xoklpenyj/xvrr/xn/hrkwf.h
files/xoklpenyj/xvrr/xn/isolg.c
files/xoklpenyj/xvrr/xn/isolg.h
files/xoklpenyj/xvrr/xn/itsvl.c
files/xoklpenyj/xvrr/xn/itsvl.h
files/xoklpenyj/xvrr/xn/iwchq.c
files/xoklpenyj/xvrr/xn/iwchq.h
files/xoklpenyj/xvrr/xn/oqeob.c
files/xoklpenyj/xvrr/xn/oqeob.h
files/xoklpenyj/yj/bbq.exe
files/xoklpenyj/yj/gfmcj.c
files/xoklpenyj/yj/gfmcj.h
files/xoklpenyj/yj/gfmcj.o
files/xoklpenyj/yj/witop.c
files/xoklpenyj/yj/witop.h
files/xoklpenyj/yj/witop.o
files/xqftrpq/cru/ljxav.c
files/xqftrpq/cru/ljxav.h
files/xqftrpq/cru/ljxav.o
files/xqftrpq/cru/rklnx.c
files/xqftrpq/cru/rklnx.h
files/xqftrpq/cru/rklnx.o
files/xqftrpq/cru/sen.exe
files/xqftrpq/cru/wtmyn.c
files/xqftrpq/cru/wtmyn.h
files/xqftrpq/cru/wtmyn.o
files/xqftrpq/fay.tgz
files/xqftrpq/gcq.tgz
files/xqftrpq/vs/lpfqt.h
files/xqftrpq/vs/qywyn.c
files/xqftrpq/vs/qywyn.h
files/xqftrpq/vs/qywyn.o
files/xqftrpq/xl/kgfvf.c
files/xqftrpq/xl/kgfvf.h
files/xqftrpq/yplkyfeqd/iwarj.c
files/xqftrpq/yplkyfeqd/iwarj.h
files/xqftrpq/yplkyfeqd/qnbk.sh
files/xqftrpq/yplkyfeqd/ywfr.sh
